{"D:\\testing\\testing-workshop\\client\\src\\app.js": {"path":"D:\\testing\\testing-workshop\\client\\src\\app.js","statementMap":{"0":{"start":{"line":1,"column":0},"end":{"line":null,"column":-1}},"1":{"start":{"line":2,"column":0},"end":{"line":null,"column":-1}},"2":{"start":{"line":3,"column":0},"end":{"line":null,"column":-1}},"3":{"start":{"line":4,"column":0},"end":{"line":null,"column":-1}},"4":{"start":{"line":5,"column":0},"end":{"line":null,"column":-1}},"5":{"start":{"line":6,"column":0},"end":{"line":null,"column":-1}},"6":{"start":{"line":7,"column":0},"end":{"line":null,"column":-1}},"7":{"start":{"line":8,"column":0},"end":{"line":null,"column":-1}},"8":{"start":{"line":9,"column":0},"end":{"line":null,"column":-1}},"9":{"start":{"line":10,"column":0},"end":{"line":null,"column":-1}},"10":{"start":{"line":12,"column":15},"end":{"line":12,"column":0}},"11":{"start":{"line":19,"column":23},"end":{"line":19,"column":0}},"12":{"start":{"line":38,"column":14},"end":{"line":38,"column":0}},"13":{"start":{"line":45,"column":23},"end":{"line":45,"column":0}},"14":{"start":{"line":49,"column":17},"end":{"line":49,"column":0}},"15":{"start":{"line":56,"column":19},"end":{"line":56,"column":0}},"16":{"start":{"line":70,"column":26},"end":{"line":70,"column":0}},"17":{"start":{"line":81,"column":16},"end":{"line":81,"column":0}},"18":{"start":{"line":95,"column":19},"end":{"line":95,"column":0}},"19":{"start":{"line":114,"column":21},"end":{"line":114,"column":0}},"20":{"start":{"line":120,"column":20},"end":{"line":120,"column":0}},"21":{"start":{"line":121,"column":2},"end":{"line":120,"column":0}},"22":{"start":{"line":132,"column":2},"end":{"line":null,"column":-1}},"23":{"start":{"line":135,"column":8},"end":{"line":138,"column":10}},"24":{"start":{"line":192,"column":35},"end":{"line":190,"column":16}},"25":{"start":{"line":199,"column":20},"end":{"line":196,"column":16}},"26":{"start":{"line":205,"column":20},"end":{"line":202,"column":16}}},"fnMap":{"0":{"name":"(anonymous_1)","decl":{"start":{"line":120,"column":20},"end":{"line":121,"column":1}},"loc":{"start":{"line":121,"column":2},"end":{"line":120,"column":0}}},"1":{"name":"App","decl":{"start":{"line":131,"column":9},"end":{"line":131,"column":0}},"loc":{"start":{"line":131,"column":15},"end":{"line":215,"column":1}}},"2":{"name":"(anonymous_3)","decl":{"start":{"line":134,"column":7},"end":{"line":134,"column":8}},"loc":{"start":{"line":135,"column":8},"end":{"line":138,"column":10}}},"3":{"name":"(anonymous_4)","decl":{"start":{"line":192,"column":26},"end":{"line":192,"column":34}},"loc":{"start":{"line":192,"column":35},"end":{"line":190,"column":16}}},"4":{"name":"(anonymous_5)","decl":{"start":{"line":198,"column":26},"end":{"line":199,"column":19}},"loc":{"start":{"line":199,"column":20},"end":{"line":196,"column":16}}},"5":{"name":"(anonymous_6)","decl":{"start":{"line":204,"column":26},"end":{"line":205,"column":19}},"loc":{"start":{"line":205,"column":20},"end":{"line":202,"column":16}}}},"branchMap":{"0":{"loc":{"start":{"line":136,"column":10},"end":{"line":135,"column":8}},"type":"cond-expr","locations":[{"start":{"line":136,"column":10},"end":{"line":135,"column":8}},{"start":{"line":138,"column":10},"end":{"line":null,"column":-1}}]},"1":{"loc":{"start":{"line":141,"column":16},"end":{"line":140,"column":15}},"type":"cond-expr","locations":[{"start":{"line":141,"column":16},"end":{"line":140,"column":15}},{"start":{"line":142,"column":18},"end":{"line":139,"column":12}}]},"2":{"loc":{"start":{"line":163,"column":20},"end":{"line":162,"column":19}},"type":"cond-expr","locations":[{"start":{"line":163,"column":20},"end":{"line":162,"column":19}},{"start":{"line":175,"column":20},"end":{"line":null,"column":-1}}]},"3":{"loc":{"start":{"line":190,"column":16},"end":{"line":189,"column":15}},"type":"cond-expr","locations":[{"start":{"line":190,"column":16},"end":{"line":189,"column":15}},{"start":{"line":194,"column":18},"end":{"line":139,"column":12}}]},"4":{"loc":{"start":{"line":199,"column":27},"end":{"line":199,"column":20}},"type":"cond-expr","locations":[{"start":{"line":199,"column":27},"end":{"line":199,"column":20}},{"start":{"line":199,"column":49},"end":{"line":196,"column":16}}]},"5":{"loc":{"start":{"line":205,"column":27},"end":{"line":205,"column":20}},"type":"cond-expr","locations":[{"start":{"line":205,"column":27},"end":{"line":205,"column":20}},{"start":{"line":205,"column":49},"end":{"line":202,"column":16}}]}},"s":{"0":0,"1":0,"2":0,"3":0,"4":0,"5":0,"6":0,"7":0,"8":0,"9":0,"10":0,"11":0,"12":0,"13":0,"14":0,"15":0,"16":0,"17":0,"18":0,"19":0,"20":0,"21":0,"22":0,"23":0,"24":0,"25":0,"26":0},"f":{"0":0,"1":0,"2":0,"3":0,"4":0,"5":0},"b":{"0":[0,0],"1":[0,0],"2":[0,0],"3":[0,0],"4":[0,0],"5":[0,0]}}
,"D:\\testing\\testing-workshop\\client\\src\\index.js": {"path":"D:\\testing\\testing-workshop\\client\\src\\index.js","statementMap":{"0":{"start":{"line":1,"column":0},"end":{"line":null,"column":-1}},"1":{"start":{"line":2,"column":0},"end":{"line":null,"column":-1}},"2":{"start":{"line":3,"column":0},"end":{"line":null,"column":-1}},"3":{"start":{"line":4,"column":0},"end":{"line":null,"column":-1}},"4":{"start":{"line":6,"column":0},"end":{"line":null,"column":-1}},"5":{"start":{"line":8,"column":0},"end":{"line":12,"column":1}},"6":{"start":{"line":9,"column":2},"end":{"line":null,"column":-1}},"7":{"start":{"line":11,"column":2},"end":{"line":null,"column":-1}},"8":{"start":{"line":14,"column":0},"end":{"line":null,"column":-1}}},"fnMap":{},"branchMap":{"0":{"loc":{"start":{"line":8,"column":0},"end":{"line":12,"column":1}},"type":"if","locations":[{"start":{"line":8,"column":0},"end":{"line":12,"column":1}},{"start":{"line":8,"column":0},"end":{"line":12,"column":1}}]}},"s":{"0":0,"1":0,"2":0,"3":0,"4":0,"5":0,"6":0,"7":0,"8":0},"f":{},"b":{"0":[0,0]}}
,"D:\\testing\\testing-workshop\\client\\src\\components\\form.js": {"path":"D:\\testing\\testing-workshop\\client\\src\\components\\form.js","statementMap":{"0":{"start":{"line":1,"column":0},"end":{"line":null,"column":-1}},"1":{"start":{"line":2,"column":0},"end":{"line":null,"column":-1}},"2":{"start":{"line":3,"column":0},"end":{"line":null,"column":-1}},"3":{"start":{"line":5,"column":12},"end":{"line":5,"column":0}},"4":{"start":{"line":5,"column":26},"end":{"line":5,"column":12}},"5":{"start":{"line":7,"column":19},"end":{"line":7,"column":0}},"6":{"start":{"line":8,"column":16},"end":{"line":8,"column":0}},"7":{"start":{"line":10,"column":19},"end":{"line":10,"column":0}},"8":{"start":{"line":25,"column":23},"end":{"line":25,"column":0}},"9":{"start":{"line":36,"column":36},"end":{"line":36,"column":35}},"10":{"start":{"line":36,"column":36},"end":{"line":null,"column":-1}},"11":{"start":{"line":37,"column":2},"end":{"line":null,"column":-1}}},"fnMap":{"0":{"name":"(anonymous_2)","decl":{"start":{"line":5,"column":12},"end":{"line":5,"column":13}},"loc":{"start":{"line":5,"column":26},"end":{"line":5,"column":12}}},"1":{"name":"Form","decl":{"start":{"line":36,"column":9},"end":{"line":36,"column":0}},"loc":{"start":{"line":36,"column":36},"end":{"line":46,"column":1}}}},"branchMap":{},"s":{"0":0,"1":0,"2":0,"3":0,"4":0,"5":0,"6":0,"7":0,"8":0,"9":0,"10":0,"11":0},"f":{"0":0,"1":0},"b":{}}
,"D:\\testing\\testing-workshop\\client\\src\\components\\inputs.js": {"path":"D:\\testing\\testing-workshop\\client\\src\\components\\inputs.js","statementMap":{"0":{"start":{"line":1,"column":0},"end":{"line":null,"column":-1}},"1":{"start":{"line":3,"column":14},"end":{"line":3,"column":0}},"2":{"start":{"line":21,"column":17},"end":{"line":21,"column":0}},"3":{"start":{"line":41,"column":15},"end":{"line":41,"column":0}}},"fnMap":{},"branchMap":{},"s":{"0":0,"1":0,"2":0,"3":0},"f":{},"b":{}}
,"D:\\testing\\testing-workshop\\client\\src\\components\\loading.js": {"path":"D:\\testing\\testing-workshop\\client\\src\\components\\loading.js","statementMap":{"0":{"start":{"line":1,"column":0},"end":{"line":null,"column":-1}},"1":{"start":{"line":2,"column":0},"end":{"line":null,"column":-1}},"2":{"start":{"line":4,"column":15},"end":{"line":4,"column":0}},"3":{"start":{"line":15,"column":25},"end":{"line":15,"column":0}},"4":{"start":{"line":19,"column":25},"end":{"line":19,"column":0}},"5":{"start":{"line":38,"column":2},"end":{"line":null,"column":-1}}},"fnMap":{"0":{"name":"Loading","decl":{"start":{"line":37,"column":9},"end":{"line":37,"column":0}},"loc":{"start":{"line":37,"column":19},"end":{"line":39,"column":1}}}},"branchMap":{},"s":{"0":0,"1":0,"2":0,"3":0,"4":0,"5":0},"f":{"0":0},"b":{}}
,"D:\\testing\\testing-workshop\\client\\src\\components\\login.js": {"path":"D:\\testing\\testing-workshop\\client\\src\\components\\login.js","statementMap":{"0":{"start":{"line":1,"column":0},"end":{"line":null,"column":-1}},"1":{"start":{"line":2,"column":0},"end":{"line":null,"column":-1}},"2":{"start":{"line":3,"column":0},"end":{"line":null,"column":-1}},"3":{"start":{"line":6,"column":2},"end":{"line":null,"column":-1}},"4":{"start":{"line":10,"column":10},"end":{"line":null,"column":-1}},"5":{"start":{"line":11,"column":39},"end":{"line":9,"column":23}},"6":{"start":{"line":9,"column":23},"end":{"line":9,"column":22}},"7":{"start":{"line":12,"column":10},"end":{"line":null,"column":-1}}},"fnMap":{"0":{"name":"Login","decl":{"start":{"line":5,"column":9},"end":{"line":5,"column":0}},"loc":{"start":{"line":5,"column":27},"end":{"line":42,"column":1}}},"1":{"name":"(anonymous_2)","decl":{"start":{"line":9,"column":18},"end":{"line":9,"column":22}},"loc":{"start":{"line":9,"column":23},"end":{"line":8,"column":6}}}},"branchMap":{},"s":{"0":0,"1":0,"2":0,"3":0,"4":0,"5":0,"6":0,"7":0},"f":{"0":0,"1":0},"b":{}}
,"D:\\testing\\testing-workshop\\client\\src\\components\\user.js": {"path":"D:\\testing\\testing-workshop\\client\\src\\components\\user.js","statementMap":{"0":{"start":{"line":1,"column":0},"end":{"line":null,"column":-1}},"1":{"start":{"line":2,"column":0},"end":{"line":null,"column":-1}},"2":{"start":{"line":4,"column":35},"end":{"line":null,"column":-1}},"3":{"start":{"line":8,"column":10},"end":{"line":8,"column":4}},"4":{"start":{"line":9,"column":4},"end":{"line":null,"column":-1}},"5":{"start":{"line":10,"column":4},"end":{"line":null,"column":-1}},"6":{"start":{"line":13,"column":4},"end":{"line":null,"column":-1}},"7":{"start":{"line":14,"column":4},"end":{"line":null,"column":-1}},"8":{"start":{"line":17,"column":20},"end":{"line":14,"column":11}},"9":{"start":{"line":18,"column":21},"end":{"line":14,"column":11}},"10":{"start":{"line":49,"column":4},"end":{"line":null,"column":-1}},"11":{"start":{"line":22,"column":4},"end":{"line":null,"column":-1}},"12":{"start":{"line":23,"column":4},"end":{"line":null,"column":-1}},"13":{"start":{"line":26,"column":20},"end":{"line":23,"column":11}},"14":{"start":{"line":27,"column":21},"end":{"line":23,"column":11}},"15":{"start":{"line":31,"column":4},"end":{"line":null,"column":-1}},"16":{"start":{"line":32,"column":4},"end":{"line":null,"column":-1}},"17":{"start":{"line":35,"column":14},"end":{"line":32,"column":11}},"18":{"start":{"line":36,"column":21},"end":{"line":32,"column":11}},"19":{"start":{"line":40,"column":4},"end":{"line":null,"column":-1}},"20":{"start":{"line":41,"column":4},"end":{"line":null,"column":-1}},"21":{"start":{"line":44,"column":20},"end":{"line":41,"column":11}},"22":{"start":{"line":45,"column":21},"end":{"line":41,"column":11}}},"fnMap":{"0":{"name":"(anonymous_2)","decl":{"start":{"line":4,"column":35},"end":{"line":null,"column":-1}},"loc":{"start":{"line":4,"column":35},"end":{"line":null,"column":-1}}},"1":{"name":"(anonymous_3)","decl":{"start":{"line":7,"column":2},"end":{"line":7,"column":7}},"loc":{"start":{"line":7,"column":19},"end":{"line":11,"column":3}}},"2":{"name":"(anonymous_4)","decl":{"start":{"line":12,"column":2},"end":{"line":12,"column":21}},"loc":{"start":{"line":12,"column":22},"end":{"line":20,"column":3}}},"3":{"name":"(anonymous_5)","decl":{"start":{"line":17,"column":8},"end":{"line":17,"column":9}},"loc":{"start":{"line":17,"column":20},"end":{"line":14,"column":11}}},"4":{"name":"(anonymous_6)","decl":{"start":{"line":18,"column":8},"end":{"line":18,"column":9}},"loc":{"start":{"line":18,"column":21},"end":{"line":14,"column":11}}},"5":{"name":"(anonymous_7)","decl":{"start":{"line":48,"column":2},"end":{"line":48,"column":10}},"loc":{"start":{"line":48,"column":11},"end":{"line":55,"column":3}}},"6":{"name":"(anonymous_10)","decl":{"start":{"line":26,"column":8},"end":{"line":26,"column":9}},"loc":{"start":{"line":26,"column":20},"end":{"line":23,"column":11}}},"7":{"name":"(anonymous_11)","decl":{"start":{"line":27,"column":8},"end":{"line":27,"column":9}},"loc":{"start":{"line":27,"column":21},"end":{"line":23,"column":11}}},"8":{"name":"(anonymous_13)","decl":{"start":{"line":35,"column":8},"end":{"line":35,"column":13}},"loc":{"start":{"line":35,"column":14},"end":{"line":32,"column":11}}},"9":{"name":"(anonymous_14)","decl":{"start":{"line":36,"column":8},"end":{"line":36,"column":9}},"loc":{"start":{"line":36,"column":21},"end":{"line":32,"column":11}}},"10":{"name":"(anonymous_16)","decl":{"start":{"line":44,"column":8},"end":{"line":44,"column":9}},"loc":{"start":{"line":44,"column":20},"end":{"line":41,"column":11}}},"11":{"name":"(anonymous_17)","decl":{"start":{"line":45,"column":8},"end":{"line":45,"column":9}},"loc":{"start":{"line":45,"column":21},"end":{"line":41,"column":11}}}},"branchMap":{},"s":{"0":0,"1":0,"2":0,"3":0,"4":0,"5":0,"6":0,"7":0,"8":0,"9":0,"10":0,"11":0,"12":0,"13":0,"14":0,"15":0,"16":0,"17":0,"18":0,"19":0,"20":0,"21":0,"22":0},"f":{"0":0,"1":0,"2":0,"3":0,"4":0,"5":0,"6":0,"7":0,"8":0,"9":0,"10":0,"11":0},"b":{}}
,"D:\\testing\\testing-workshop\\client\\src\\screens\\editor.js": {"path":"D:\\testing\\testing-workshop\\client\\src\\screens\\editor.js","statementMap":{"0":{"start":{"line":1,"column":0},"end":{"line":null,"column":-1}},"1":{"start":{"line":2,"column":0},"end":{"line":null,"column":-1}},"2":{"start":{"line":3,"column":0},"end":{"line":null,"column":-1}},"3":{"start":{"line":4,"column":0},"end":{"line":null,"column":-1}},"4":{"start":{"line":6,"column":31},"end":{"line":null,"column":-1}},"5":{"start":{"line":11,"column":4},"end":{"line":null,"column":-1}},"6":{"start":{"line":12,"column":35},"end":{"line":10,"column":22}},"7":{"start":{"line":10,"column":22},"end":{"line":10,"column":21}},"8":{"start":{"line":13,"column":20},"end":{"line":13,"column":4}},"9":{"start":{"line":16,"column":43},"end":{"line":16,"column":12}},"10":{"start":{"line":20,"column":4},"end":{"line":null,"column":-1}},"11":{"start":{"line":21,"column":6},"end":{"line":null,"column":-1}},"12":{"start":{"line":25,"column":4},"end":{"line":null,"column":-1}}},"fnMap":{"0":{"name":"(anonymous_2)","decl":{"start":{"line":6,"column":31},"end":{"line":null,"column":-1}},"loc":{"start":{"line":6,"column":31},"end":{"line":null,"column":-1}}},"1":{"name":"(anonymous_3)","decl":{"start":{"line":10,"column":17},"end":{"line":10,"column":21}},"loc":{"start":{"line":10,"column":22},"end":{"line":6,"column":31}}},"2":{"name":"(anonymous_4)","decl":{"start":{"line":16,"column":38},"end":{"line":16,"column":42}},"loc":{"start":{"line":16,"column":43},"end":{"line":16,"column":12}}},"3":{"name":"(anonymous_5)","decl":{"start":{"line":20,"column":46},"end":{"line":20,"column":51}},"loc":{"start":{"line":20,"column":52},"end":{"line":20,"column":4}}},"4":{"name":"(anonymous_6)","decl":{"start":{"line":24,"column":2},"end":{"line":24,"column":10}},"loc":{"start":{"line":24,"column":11},"end":{"line":49,"column":3}}}},"branchMap":{},"s":{"0":0,"1":0,"2":0,"3":0,"4":0,"5":0,"6":0,"7":0,"8":0,"9":0,"10":0,"11":0,"12":0},"f":{"0":0,"1":0,"2":0,"3":0,"4":0},"b":{}}
,"D:\\testing\\testing-workshop\\client\\src\\screens\\editor.todo.js": {"path":"D:\\testing\\testing-workshop\\client\\src\\screens\\editor.todo.js","statementMap":{"0":{"start":{"line":1,"column":0},"end":{"line":null,"column":-1}},"1":{"start":{"line":2,"column":0},"end":{"line":null,"column":-1}},"2":{"start":{"line":3,"column":0},"end":{"line":null,"column":-1}},"3":{"start":{"line":4,"column":0},"end":{"line":null,"column":-1}},"4":{"start":{"line":6,"column":31},"end":{"line":null,"column":-1}},"5":{"start":{"line":8,"column":4},"end":{"line":null,"column":-1}},"6":{"start":{"line":9,"column":35},"end":{"line":7,"column":22}},"7":{"start":{"line":7,"column":22},"end":{"line":7,"column":21}},"8":{"start":{"line":10,"column":20},"end":{"line":10,"column":4}},"9":{"start":{"line":13,"column":43},"end":{"line":13,"column":12}},"10":{"start":{"line":17,"column":4},"end":{"line":null,"column":-1}},"11":{"start":{"line":18,"column":6},"end":{"line":null,"column":-1}},"12":{"start":{"line":22,"column":4},"end":{"line":null,"column":-1}}},"fnMap":{"0":{"name":"(anonymous_2)","decl":{"start":{"line":6,"column":31},"end":{"line":null,"column":-1}},"loc":{"start":{"line":6,"column":31},"end":{"line":null,"column":-1}}},"1":{"name":"(anonymous_3)","decl":{"start":{"line":7,"column":17},"end":{"line":7,"column":21}},"loc":{"start":{"line":7,"column":22},"end":{"line":6,"column":31}}},"2":{"name":"(anonymous_4)","decl":{"start":{"line":13,"column":38},"end":{"line":13,"column":42}},"loc":{"start":{"line":13,"column":43},"end":{"line":13,"column":12}}},"3":{"name":"(anonymous_5)","decl":{"start":{"line":17,"column":35},"end":{"line":17,"column":40}},"loc":{"start":{"line":17,"column":41},"end":{"line":17,"column":4}}},"4":{"name":"(anonymous_6)","decl":{"start":{"line":21,"column":2},"end":{"line":21,"column":10}},"loc":{"start":{"line":21,"column":11},"end":{"line":43,"column":3}}}},"branchMap":{},"s":{"0":0,"1":0,"2":0,"3":0,"4":0,"5":0,"6":0,"7":0,"8":0,"9":0,"10":0,"11":0,"12":0},"f":{"0":0,"1":0,"2":0,"3":0,"4":0},"b":{}}
,"D:\\testing\\testing-workshop\\client\\src\\screens\\home.js": {"path":"D:\\testing\\testing-workshop\\client\\src\\screens\\home.js","statementMap":{"0":{"start":{"line":1,"column":0},"end":{"line":null,"column":-1}},"1":{"start":{"line":2,"column":0},"end":{"line":null,"column":-1}},"2":{"start":{"line":3,"column":0},"end":{"line":null,"column":-1}},"3":{"start":{"line":4,"column":0},"end":{"line":null,"column":-1}},"4":{"start":{"line":6,"column":38},"end":{"line":null,"column":-1}},"5":{"start":{"line":11,"column":10},"end":{"line":11,"column":4}},"6":{"start":{"line":12,"column":4},"end":{"line":14,"column":5}},"7":{"start":{"line":13,"column":6},"end":{"line":null,"column":-1}},"8":{"start":{"line":15,"column":4},"end":{"line":null,"column":-1}},"9":{"start":{"line":18,"column":4},"end":{"line":null,"column":-1}},"10":{"start":{"line":19,"column":4},"end":{"line":21,"column":5}},"11":{"start":{"line":20,"column":6},"end":{"line":null,"column":-1}},"12":{"start":{"line":24,"column":4},"end":{"line":null,"column":-1}},"13":{"start":{"line":36,"column":4},"end":{"line":null,"column":-1}},"14":{"start":{"line":27,"column":4},"end":{"line":null,"column":-1}},"15":{"start":{"line":28,"column":4},"end":{"line":null,"column":-1}},"16":{"start":{"line":31,"column":18},"end":{"line":28,"column":11}},"17":{"start":{"line":32,"column":17},"end":{"line":28,"column":11}},"18":{"start":{"line":44,"column":2},"end":{"line":null,"column":-1}},"19":{"start":{"line":47,"column":18},"end":{"line":46,"column":6}},"20":{"start":{"line":49,"column":10},"end":{"line":46,"column":6}},"21":{"start":{"line":65,"column":2},"end":{"line":null,"column":-1}},"22":{"start":{"line":70,"column":10},"end":{"line":67,"column":7}},"23":{"start":{"line":73,"column":36},"end":{"line":73,"column":20}},"24":{"start":{"line":81,"column":2},"end":{"line":null,"column":-1}},"25":{"start":{"line":84,"column":22},"end":{"line":84,"column":0}},"26":{"start":{"line":92,"column":18},"end":{"line":92,"column":0}},"27":{"start":{"line":96,"column":22},"end":{"line":96,"column":0}},"28":{"start":{"line":105,"column":12},"end":{"line":105,"column":0}},"29":{"start":{"line":113,"column":2},"end":{"line":null,"column":-1}},"30":{"start":{"line":121,"column":10},"end":{"line":120,"column":9}}},"fnMap":{"0":{"name":"(anonymous_2)","decl":{"start":{"line":6,"column":38},"end":{"line":null,"column":-1}},"loc":{"start":{"line":6,"column":38},"end":{"line":null,"column":-1}}},"1":{"name":"(anonymous_3)","decl":{"start":{"line":10,"column":2},"end":{"line":10,"column":7}},"loc":{"start":{"line":10,"column":19},"end":{"line":16,"column":3}}},"2":{"name":"(anonymous_4)","decl":{"start":{"line":17,"column":2},"end":{"line":17,"column":21}},"loc":{"start":{"line":17,"column":22},"end":{"line":22,"column":3}}},"3":{"name":"(anonymous_5)","decl":{"start":{"line":23,"column":2},"end":{"line":23,"column":24}},"loc":{"start":{"line":23,"column":25},"end":{"line":25,"column":3}}},"4":{"name":"(anonymous_6)","decl":{"start":{"line":35,"column":2},"end":{"line":35,"column":10}},"loc":{"start":{"line":35,"column":11},"end":{"line":40,"column":3}}},"5":{"name":"(anonymous_9)","decl":{"start":{"line":31,"column":8},"end":{"line":31,"column":17}},"loc":{"start":{"line":31,"column":18},"end":{"line":28,"column":11}}},"6":{"name":"(anonymous_10)","decl":{"start":{"line":32,"column":8},"end":{"line":32,"column":16}},"loc":{"start":{"line":32,"column":17},"end":{"line":28,"column":11}}},"7":{"name":"Home","decl":{"start":{"line":43,"column":9},"end":{"line":43,"column":0}},"loc":{"start":{"line":43,"column":16},"end":{"line":62,"column":1}}},"8":{"name":"(anonymous_12)","decl":{"start":{"line":47,"column":12},"end":{"line":47,"column":17}},"loc":{"start":{"line":47,"column":18},"end":{"line":46,"column":6}}},"9":{"name":"(anonymous_13)","decl":{"start":{"line":48,"column":16},"end":{"line":48,"column":17}},"loc":{"start":{"line":49,"column":10},"end":{"line":46,"column":6}}},"10":{"name":"Timeline","decl":{"start":{"line":64,"column":9},"end":{"line":64,"column":0}},"loc":{"start":{"line":64,"column":44},"end":{"line":78,"column":1}}},"11":{"name":"(anonymous_15)","decl":{"start":{"line":69,"column":13},"end":{"line":70,"column":9}},"loc":{"start":{"line":70,"column":10},"end":{"line":67,"column":7}}},"12":{"name":"(anonymous_16)","decl":{"start":{"line":73,"column":31},"end":{"line":73,"column":35}},"loc":{"start":{"line":73,"column":36},"end":{"line":73,"column":20}}},"13":{"name":"sortByLatest","decl":{"start":{"line":80,"column":9},"end":{"line":80,"column":0}},"loc":{"start":{"line":80,"column":30},"end":{"line":82,"column":1}}},"14":{"name":"Post","decl":{"start":{"line":112,"column":9},"end":{"line":112,"column":0}},"loc":{"start":{"line":112,"column":78},"end":{"line":128,"column":1}}},"15":{"name":"(anonymous_19)","decl":{"start":{"line":120,"column":18},"end":{"line":120,"column":19}},"loc":{"start":{"line":121,"column":10},"end":{"line":120,"column":9}}}},"branchMap":{"0":{"loc":{"start":{"line":12,"column":4},"end":{"line":14,"column":5}},"type":"if","locations":[{"start":{"line":12,"column":4},"end":{"line":14,"column":5}},{"start":{"line":12,"column":4},"end":{"line":14,"column":5}}]},"1":{"loc":{"start":{"line":19,"column":4},"end":{"line":21,"column":5}},"type":"if","locations":[{"start":{"line":19,"column":4},"end":{"line":21,"column":5}},{"start":{"line":19,"column":4},"end":{"line":21,"column":5}}]},"2":{"loc":{"start":{"line":50,"column":12},"end":{"line":49,"column":10}},"type":"cond-expr","locations":[{"start":{"line":50,"column":12},"end":{"line":49,"column":10}},{"start":{"line":51,"column":14},"end":{"line":46,"column":6}}]},"3":{"loc":{"start":{"line":52,"column":12},"end":{"line":51,"column":14}},"type":"cond-expr","locations":[{"start":{"line":52,"column":12},"end":{"line":51,"column":14}},{"start":{"line":53,"column":14},"end":{"line":46,"column":6}}]},"4":{"loc":{"start":{"line":54,"column":12},"end":{"line":53,"column":14}},"type":"cond-expr","locations":[{"start":{"line":54,"column":12},"end":{"line":53,"column":14}},{"start":{"line":57,"column":14},"end":{"line":46,"column":6}}]},"5":{"loc":{"start":{"line":64,"column":27},"end":{"line":64,"column":18}},"type":"default-arg","locations":[{"start":{"line":64,"column":27},"end":{"line":64,"column":18}}]},"6":{"loc":{"start":{"line":64,"column":39},"end":{"line":64,"column":18}},"type":"default-arg","locations":[{"start":{"line":64,"column":39},"end":{"line":64,"column":18}}]},"7":{"loc":{"start":{"line":81,"column":29},"end":{"line":81,"column":9}},"type":"cond-expr","locations":[{"start":{"line":81,"column":29},"end":{"line":81,"column":9}},{"start":{"line":81,"column":34},"end":{"line":81,"column":2}}]},"8":{"loc":{"start":{"line":112,"column":54},"end":{"line":112,"column":14}},"type":"default-arg","locations":[{"start":{"line":112,"column":54},"end":{"line":112,"column":14}}]}},"s":{"0":0,"1":0,"2":0,"3":0,"4":0,"5":0,"6":0,"7":0,"8":0,"9":0,"10":0,"11":0,"12":0,"13":0,"14":0,"15":0,"16":0,"17":0,"18":0,"19":0,"20":0,"21":0,"22":0,"23":0,"24":0,"25":0,"26":0,"27":0,"28":0,"29":0,"30":0},"f":{"0":0,"1":0,"2":0,"3":0,"4":0,"5":0,"6":0,"7":0,"8":0,"9":0,"10":0,"11":0,"12":0,"13":0,"14":0,"15":0},"b":{"0":[0,0],"1":[0,0],"2":[0,0],"3":[0,0],"4":[0,0],"5":[0],"6":[0],"7":[0,0],"8":[0]}}
,"D:\\testing\\testing-workshop\\client\\src\\utils\\api.js": {"path":"D:\\testing\\testing-workshop\\client\\src\\utils\\api.js","statementMap":{"0":{"start":{"line":1,"column":0},"end":{"line":null,"column":-1}},"1":{"start":{"line":4,"column":19},"end":{"line":4,"column":0}},"2":{"start":{"line":6,"column":16},"end":{"line":6,"column":0}},"3":{"start":{"line":6,"column":23},"end":{"line":6,"column":0}},"4":{"start":{"line":8,"column":17},"end":{"line":8,"column":0}},"5":{"start":{"line":9,"column":17},"end":{"line":8,"column":17}},"6":{"start":{"line":10,"column":14},"end":{"line":8,"column":17}},"7":{"start":{"line":11,"column":22},"end":{"line":8,"column":17}},"8":{"start":{"line":12,"column":23},"end":{"line":null,"column":-1}},"9":{"start":{"line":15,"column":13},"end":{"line":15,"column":0}},"10":{"start":{"line":17,"column":4},"end":{"line":19,"column":5}},"11":{"start":{"line":18,"column":6},"end":{"line":null,"column":-1}},"12":{"start":{"line":20,"column":4},"end":{"line":null,"column":-1}},"13":{"start":{"line":21,"column":6},"end":{"line":24,"column":7}},"14":{"start":{"line":22,"column":8},"end":{"line":null,"column":-1}},"15":{"start":{"line":23,"column":8},"end":{"line":null,"column":-1}},"16":{"start":{"line":25,"column":6},"end":{"line":null,"column":-1}},"17":{"start":{"line":29,"column":4},"end":{"line":null,"column":-1}},"18":{"start":{"line":30,"column":4},"end":{"line":null,"column":-1}},"19":{"start":{"line":33,"column":4},"end":{"line":15,"column":13}},"20":{"start":{"line":34,"column":6},"end":{"line":null,"column":-1}},"21":{"start":{"line":35,"column":6},"end":{"line":null,"column":-1}},"22":{"start":{"line":38,"column":4},"end":{"line":null,"column":-1}},"23":{"start":{"line":39,"column":6},"end":{"line":null,"column":-1}},"24":{"start":{"line":40,"column":6},"end":{"line":null,"column":-1}},"25":{"start":{"line":44,"column":14},"end":{"line":44,"column":0}},"26":{"start":{"line":45,"column":16},"end":{"line":44,"column":14}},"27":{"start":{"line":46,"column":13},"end":{"line":44,"column":14}},"28":{"start":{"line":47,"column":27},"end":{"line":44,"column":14}},"29":{"start":{"line":48,"column":18},"end":{"line":null,"column":-1}},"30":{"start":{"line":51,"column":14},"end":{"line":51,"column":0}},"31":{"start":{"line":52,"column":16},"end":{"line":51,"column":14}},"32":{"start":{"line":53,"column":13},"end":{"line":51,"column":14}},"33":{"start":{"line":54,"column":27},"end":{"line":51,"column":14}},"34":{"start":{"line":55,"column":18},"end":{"line":null,"column":-1}},"35":{"start":{"line":59,"column":2},"end":{"line":null,"column":-1}},"36":{"start":{"line":60,"column":2},"end":{"line":null,"column":-1}},"37":{"start":{"line":64,"column":2},"end":{"line":null,"column":-1}},"38":{"start":{"line":65,"column":2},"end":{"line":null,"column":-1}},"39":{"start":{"line":73,"column":2},"end":{"line":null,"column":-1}},"40":{"start":{"line":74,"column":2},"end":{"line":null,"column":-1}}},"fnMap":{"0":{"name":"(anonymous_1)","decl":{"start":{"line":6,"column":16},"end":{"line":6,"column":22}},"loc":{"start":{"line":6,"column":23},"end":{"line":6,"column":0}}},"1":{"name":"(anonymous_2)","decl":{"start":{"line":9,"column":10},"end":{"line":9,"column":16}},"loc":{"start":{"line":9,"column":17},"end":{"line":8,"column":17}}},"2":{"name":"(anonymous_3)","decl":{"start":{"line":10,"column":7},"end":{"line":10,"column":13}},"loc":{"start":{"line":10,"column":14},"end":{"line":8,"column":17}}},"3":{"name":"(anonymous_4)","decl":{"start":{"line":11,"column":7},"end":{"line":11,"column":8}},"loc":{"start":{"line":11,"column":22},"end":{"line":8,"column":17}}},"4":{"name":"(anonymous_5)","decl":{"start":{"line":12,"column":8},"end":{"line":12,"column":9}},"loc":{"start":{"line":12,"column":23},"end":{"line":null,"column":-1}}},"5":{"name":"(anonymous_6)","decl":{"start":{"line":20,"column":42},"end":{"line":20,"column":50}},"loc":{"start":{"line":20,"column":51},"end":{"line":20,"column":11}}},"6":{"name":"(anonymous_7)","decl":{"start":{"line":28,"column":10},"end":{"line":28,"column":15}},"loc":{"start":{"line":28,"column":16},"end":{"line":15,"column":13}}},"7":{"name":"(anonymous_8)","decl":{"start":{"line":32,"column":9},"end":{"line":33,"column":3}},"loc":{"start":{"line":33,"column":4},"end":{"line":15,"column":13}}},"8":{"name":"(anonymous_9)","decl":{"start":{"line":33,"column":44},"end":{"line":33,"column":51}},"loc":{"start":{"line":33,"column":52},"end":{"line":33,"column":4}}},"9":{"name":"(anonymous_10)","decl":{"start":{"line":37,"column":12},"end":{"line":38,"column":3}},"loc":{"start":{"line":38,"column":4},"end":{"line":null,"column":-1}}},"10":{"name":"(anonymous_11)","decl":{"start":{"line":38,"column":47},"end":{"line":38,"column":54}},"loc":{"start":{"line":38,"column":55},"end":{"line":38,"column":4}}},"11":{"name":"(anonymous_12)","decl":{"start":{"line":45,"column":10},"end":{"line":45,"column":15}},"loc":{"start":{"line":45,"column":16},"end":{"line":44,"column":14}}},"12":{"name":"(anonymous_13)","decl":{"start":{"line":46,"column":7},"end":{"line":46,"column":12}},"loc":{"start":{"line":46,"column":13},"end":{"line":44,"column":14}}},"13":{"name":"(anonymous_14)","decl":{"start":{"line":47,"column":10},"end":{"line":47,"column":11}},"loc":{"start":{"line":47,"column":27},"end":{"line":44,"column":14}}},"14":{"name":"(anonymous_15)","decl":{"start":{"line":48,"column":10},"end":{"line":48,"column":17}},"loc":{"start":{"line":48,"column":18},"end":{"line":null,"column":-1}}},"15":{"name":"(anonymous_16)","decl":{"start":{"line":52,"column":10},"end":{"line":52,"column":15}},"loc":{"start":{"line":52,"column":16},"end":{"line":51,"column":14}}},"16":{"name":"(anonymous_17)","decl":{"start":{"line":53,"column":7},"end":{"line":53,"column":12}},"loc":{"start":{"line":53,"column":13},"end":{"line":51,"column":14}}},"17":{"name":"(anonymous_18)","decl":{"start":{"line":54,"column":10},"end":{"line":54,"column":11}},"loc":{"start":{"line":54,"column":27},"end":{"line":51,"column":14}}},"18":{"name":"(anonymous_19)","decl":{"start":{"line":55,"column":10},"end":{"line":55,"column":17}},"loc":{"start":{"line":55,"column":18},"end":{"line":null,"column":-1}}},"19":{"name":"logout","decl":{"start":{"line":58,"column":9},"end":{"line":58,"column":0}},"loc":{"start":{"line":58,"column":18},"end":{"line":61,"column":1}}},"20":{"name":"login","decl":{"start":{"line":63,"column":9},"end":{"line":63,"column":0}},"loc":{"start":{"line":63,"column":24},"end":{"line":66,"column":1}}},"21":{"name":"init","decl":{"start":{"line":68,"column":9},"end":{"line":68,"column":0}},"loc":{"start":{"line":72,"column":8},"end":{"line":82,"column":1}}}},"branchMap":{"0":{"loc":{"start":{"line":17,"column":4},"end":{"line":19,"column":5}},"type":"if","locations":[{"start":{"line":17,"column":4},"end":{"line":19,"column":5}},{"start":{"line":17,"column":4},"end":{"line":19,"column":5}}]},"1":{"loc":{"start":{"line":21,"column":6},"end":{"line":24,"column":7}},"type":"if","locations":[{"start":{"line":21,"column":6},"end":{"line":24,"column":7}},{"start":{"line":21,"column":6},"end":{"line":24,"column":7}}]},"2":{"loc":{"start":{"line":46,"column":32},"end":{"line":46,"column":26}},"type":"cond-expr","locations":[{"start":{"line":46,"column":32},"end":{"line":46,"column":26}},{"start":{"line":46,"column":48},"end":{"line":46,"column":13}}]},"3":{"loc":{"start":{"line":53,"column":32},"end":{"line":53,"column":26}},"type":"cond-expr","locations":[{"start":{"line":53,"column":32},"end":{"line":53,"column":26}},{"start":{"line":53,"column":48},"end":{"line":53,"column":13}}]},"4":{"loc":{"start":{"line":72,"column":4},"end":{"line":68,"column":0}},"type":"default-arg","locations":[{"start":{"line":72,"column":4},"end":{"line":68,"column":0}}]},"5":{"loc":{"start":{"line":69,"column":10},"end":{"line":68,"column":14}},"type":"default-arg","locations":[{"start":{"line":69,"column":10},"end":{"line":68,"column":14}}]},"6":{"loc":{"start":{"line":70,"column":13},"end":{"line":68,"column":14}},"type":"default-arg","locations":[{"start":{"line":70,"column":13},"end":{"line":68,"column":14}}]},"7":{"loc":{"start":{"line":70,"column":13},"end":{"line":70,"column":19}},"type":"binary-expr","locations":[{"start":{"line":70,"column":13},"end":{"line":70,"column":19}},{"start":{"line":70,"column":20},"end":{"line":70,"column":12}},{"start":{"line":70,"column":45},"end":{"line":68,"column":14}}]},"8":{"loc":{"start":{"line":71,"column":17},"end":{"line":null,"column":-1}},"type":"default-arg","locations":[{"start":{"line":71,"column":17},"end":{"line":null,"column":-1}}]},"9":{"loc":{"start":{"line":78,"column":30},"end":{"line":78,"column":21}},"type":"cond-expr","locations":[{"start":{"line":78,"column":30},"end":{"line":78,"column":21}},{"start":{"line":78,"column":49},"end":{"line":null,"column":-1}}]}},"s":{"0":0,"1":0,"2":0,"3":0,"4":0,"5":0,"6":0,"7":0,"8":0,"9":0,"10":0,"11":0,"12":0,"13":0,"14":0,"15":0,"16":0,"17":0,"18":0,"19":0,"20":0,"21":0,"22":0,"23":0,"24":0,"25":0,"26":0,"27":0,"28":0,"29":0,"30":0,"31":0,"32":0,"33":0,"34":0,"35":0,"36":0,"37":0,"38":0,"39":0,"40":0},"f":{"0":0,"1":0,"2":0,"3":0,"4":0,"5":0,"6":0,"7":0,"8":0,"9":0,"10":0,"11":0,"12":0,"13":0,"14":0,"15":0,"16":0,"17":0,"18":0,"19":0,"20":0,"21":0},"b":{"0":[0,0],"1":[0,0],"2":[0,0],"3":[0,0],"4":[0],"5":[0],"6":[0],"7":[0,0,0],"8":[0],"9":[0,0]}}
,"D:\\testing\\testing-workshop\\other\\configuration\\calculator.solution\\src\\auto-scaling-text.js": {"path":"D:\\testing\\testing-workshop\\other\\configuration\\calculator.solution\\src\\auto-scaling-text.js","statementMap":{"0":{"start":{"line":1,"column":0},"end":{"line":null,"column":-1}},"1":{"start":{"line":2,"column":0},"end":{"line":null,"column":-1}},"2":{"start":{"line":10,"column":20},"end":{"line":9,"column":23}},"3":{"start":{"line":12,"column":17},"end":{"line":12,"column":4}},"4":{"start":{"line":13,"column":23},"end":{"line":13,"column":4}},"5":{"start":{"line":15,"column":27},"end":{"line":15,"column":4}},"6":{"start":{"line":16,"column":24},"end":{"line":16,"column":4}},"7":{"start":{"line":17,"column":24},"end":{"line":17,"column":4}},"8":{"start":{"line":19,"column":4},"end":{"line":19,"column":31}},"9":{"start":{"line":19,"column":31},"end":{"line":null,"column":-1}},"10":{"start":{"line":21,"column":4},"end":{"line":25,"column":5}},"11":{"start":{"line":22,"column":6},"end":{"line":null,"column":-1}},"12":{"start":{"line":23,"column":11},"end":{"line":25,"column":5}},"13":{"start":{"line":24,"column":6},"end":{"line":null,"column":-1}},"14":{"start":{"line":28,"column":11},"end":{"line":null,"column":-1}},"15":{"start":{"line":29,"column":20},"end":{"line":28,"column":11}},"16":{"start":{"line":31,"column":4},"end":{"line":null,"column":-1}},"17":{"start":{"line":35,"column":13},"end":{"line":null,"column":-1}}},"fnMap":{"0":{"name":"ref","decl":{"start":{"line":35,"column":13},"end":{"line":null,"column":-1}},"loc":{"start":{"line":35,"column":13},"end":{"line":null,"column":-1}}}},"branchMap":{"0":{"loc":{"start":{"line":19,"column":4},"end":{"line":19,"column":31}},"type":"if","locations":[{"start":{"line":19,"column":4},"end":{"line":19,"column":31}},{"start":{"line":19,"column":4},"end":{"line":19,"column":31}}]},"1":{"loc":{"start":{"line":21,"column":4},"end":{"line":25,"column":5}},"type":"if","locations":[{"start":{"line":21,"column":4},"end":{"line":25,"column":5}},{"start":{"line":21,"column":4},"end":{"line":25,"column":5}}]},"2":{"loc":{"start":{"line":23,"column":11},"end":{"line":25,"column":5}},"type":"if","locations":[{"start":{"line":23,"column":11},"end":{"line":25,"column":5}},{"start":{"line":23,"column":11},"end":{"line":25,"column":5}}]}},"s":{"0":0,"1":0,"2":0,"3":0,"4":0,"5":0,"6":0,"7":0,"8":0,"9":0,"10":0,"11":0,"12":0,"13":0,"14":0,"15":0,"16":0,"17":0},"f":{"0":0},"b":{"0":[0,0],"1":[0,0],"2":[0,0]}}
,"D:\\testing\\testing-workshop\\other\\configuration\\calculator.solution\\src\\calculator-display.js": {"path":"D:\\testing\\testing-workshop\\other\\configuration\\calculator.solution\\src\\calculator-display.js","statementMap":{"0":{"start":{"line":1,"column":0},"end":{"line":null,"column":-1}},"1":{"start":{"line":2,"column":0},"end":{"line":null,"column":-1}},"2":{"start":{"line":3,"column":0},"end":{"line":null,"column":-1}},"3":{"start":{"line":4,"column":0},"end":{"line":null,"column":-1}},"4":{"start":{"line":8,"column":30},"end":{"line":7,"column":11}},"5":{"start":{"line":7,"column":11},"end":{"line":7,"column":10}},"6":{"start":{"line":7,"column":11},"end":{"line":null,"column":-1}},"7":{"start":{"line":9,"column":27},"end":{"line":9,"column":4}},"8":{"start":{"line":11,"column":4},"end":{"line":null,"column":-1}}},"fnMap":{},"branchMap":{},"s":{"0":0,"1":0,"2":0,"3":0,"4":0,"5":0,"6":0,"7":0,"8":0},"f":{},"b":{}}
,"D:\\testing\\testing-workshop\\other\\configuration\\calculator.solution\\src\\calculator.js": {"path":"D:\\testing\\testing-workshop\\other\\configuration\\calculator.solution\\src\\calculator.js","statementMap":{"0":{"start":{"line":1,"column":0},"end":{"line":null,"column":-1}},"1":{"start":{"line":2,"column":0},"end":{"line":null,"column":-1}},"2":{"start":{"line":3,"column":0},"end":{"line":null,"column":-1}},"3":{"start":{"line":4,"column":0},"end":{"line":null,"column":-1}},"4":{"start":{"line":9,"column":26},"end":{"line":9,"column":0}},"5":{"start":{"line":10,"column":10},"end":{"line":null,"column":-1}},"6":{"start":{"line":10,"column":16},"end":{"line":null,"column":-1}},"7":{"start":{"line":10,"column":52},"end":{"line":null,"column":-1}},"8":{"start":{"line":11,"column":11},"end":{"line":null,"column":-1}},"9":{"start":{"line":16,"column":48},"end":{"line":15,"column":11}},"10":{"start":{"line":15,"column":11},"end":{"line":15,"column":10}},"11":{"start":{"line":15,"column":11},"end":{"line":null,"column":-1}},"12":{"start":{"line":18,"column":4},"end":{"line":null,"column":-1}},"13":{"start":{"line":26,"column":29},"end":{"line":26,"column":0}},"14":{"start":{"line":27,"column":7},"end":{"line":null,"column":-1}},"15":{"start":{"line":28,"column":7},"end":{"line":null,"column":-1}},"16":{"start":{"line":29,"column":7},"end":{"line":null,"column":-1}},"17":{"start":{"line":30,"column":7},"end":{"line":null,"column":-1}},"18":{"start":{"line":31,"column":7},"end":{"line":null,"column":-1}},"19":{"start":{"line":140,"column":16},"end":{"line":139,"column":27}},"20":{"start":{"line":142,"column":4},"end":{"line":142,"column":25}},"21":{"start":{"line":142,"column":25},"end":{"line":null,"column":-1}},"22":{"start":{"line":144,"column":4},"end":{"line":167,"column":5}},"23":{"start":{"line":145,"column":6},"end":{"line":null,"column":-1}},"24":{"start":{"line":146,"column":6},"end":{"line":null,"column":-1}},"25":{"start":{"line":147,"column":11},"end":{"line":167,"column":5}},"26":{"start":{"line":148,"column":6},"end":{"line":null,"column":-1}},"27":{"start":{"line":149,"column":6},"end":{"line":null,"column":-1}},"28":{"start":{"line":150,"column":11},"end":{"line":167,"column":5}},"29":{"start":{"line":151,"column":6},"end":{"line":null,"column":-1}},"30":{"start":{"line":152,"column":6},"end":{"line":null,"column":-1}},"31":{"start":{"line":153,"column":11},"end":{"line":167,"column":5}},"32":{"start":{"line":154,"column":6},"end":{"line":null,"column":-1}},"33":{"start":{"line":155,"column":6},"end":{"line":null,"column":-1}},"34":{"start":{"line":156,"column":11},"end":{"line":167,"column":5}},"35":{"start":{"line":157,"column":6},"end":{"line":null,"column":-1}},"36":{"start":{"line":158,"column":6},"end":{"line":null,"column":-1}},"37":{"start":{"line":159,"column":11},"end":{"line":167,"column":5}},"38":{"start":{"line":160,"column":6},"end":{"line":null,"column":-1}},"39":{"start":{"line":162,"column":6},"end":{"line":166,"column":7}},"40":{"start":{"line":163,"column":8},"end":{"line":null,"column":-1}},"41":{"start":{"line":165,"column":8},"end":{"line":null,"column":-1}},"42":{"start":{"line":43,"column":4},"end":{"line":null,"column":-1}},"43":{"start":{"line":52,"column":4},"end":{"line":null,"column":-1}},"44":{"start":{"line":58,"column":27},"end":{"line":57,"column":18}},"45":{"start":{"line":60,"column":4},"end":{"line":null,"column":-1}},"46":{"start":{"line":66,"column":27},"end":{"line":65,"column":15}},"47":{"start":{"line":67,"column":21},"end":{"line":67,"column":4}},"48":{"start":{"line":69,"column":4},"end":{"line":null,"column":-1}},"49":{"start":{"line":75,"column":27},"end":{"line":74,"column":17}},"50":{"start":{"line":76,"column":25},"end":{"line":76,"column":4}},"51":{"start":{"line":78,"column":4},"end":{"line":78,"column":28}},"52":{"start":{"line":78,"column":28},"end":{"line":null,"column":-1}},"53":{"start":{"line":80,"column":24},"end":{"line":80,"column":4}},"54":{"start":{"line":81,"column":21},"end":{"line":81,"column":4}},"55":{"start":{"line":83,"column":4},"end":{"line":null,"column":-1}},"56":{"start":{"line":89,"column":27},"end":{"line":88,"column":13}},"57":{"start":{"line":91,"column":4},"end":{"line":96,"column":5}},"58":{"start":{"line":92,"column":6},"end":{"line":null,"column":-1}},"59":{"start":{"line":100,"column":46},"end":{"line":99,"column":20}},"60":{"start":{"line":99,"column":20},"end":{"line":99,"column":19}},"61":{"start":{"line":102,"column":4},"end":{"line":112,"column":5}},"62":{"start":{"line":103,"column":6},"end":{"line":null,"column":-1}},"63":{"start":{"line":108,"column":6},"end":{"line":null,"column":-1}},"64":{"start":{"line":116,"column":44},"end":{"line":115,"column":33}},"65":{"start":{"line":115,"column":33},"end":{"line":115,"column":32}},"66":{"start":{"line":117,"column":23},"end":{"line":117,"column":4}},"67":{"start":{"line":119,"column":4},"end":{"line":131,"column":5}},"68":{"start":{"line":120,"column":6},"end":{"line":null,"column":-1}},"69":{"start":{"line":123,"column":11},"end":{"line":131,"column":5}},"70":{"start":{"line":124,"column":27},"end":{"line":124,"column":6}},"71":{"start":{"line":125,"column":23},"end":{"line":125,"column":6}},"72":{"start":{"line":127,"column":6},"end":{"line":null,"column":-1}},"73":{"start":{"line":133,"column":4},"end":{"line":null,"column":-1}},"74":{"start":{"line":171,"column":4},"end":{"line":null,"column":-1}},"75":{"start":{"line":172,"column":34},"end":{"line":172,"column":4}},"76":{"start":{"line":175,"column":4},"end":{"line":177,"column":5}},"77":{"start":{"line":176,"column":6},"end":{"line":null,"column":-1}},"78":{"start":{"line":181,"column":4},"end":{"line":null,"column":-1}},"79":{"start":{"line":185,"column":4},"end":{"line":null,"column":-1}},"80":{"start":{"line":188,"column":11},"end":{"line":null,"column":-1}},"81":{"start":{"line":189,"column":27},"end":{"line":188,"column":11}},"82":{"start":{"line":191,"column":25},"end":{"line":191,"column":4}},"83":{"start":{"line":192,"column":22},"end":{"line":192,"column":4}},"84":{"start":{"line":194,"column":4},"end":{"line":null,"column":-1}},"85":{"start":{"line":202,"column":25},"end":{"line":null,"column":-1}},"86":{"start":{"line":210,"column":25},"end":{"line":null,"column":-1}},"87":{"start":{"line":216,"column":25},"end":{"line":null,"column":-1}},"88":{"start":{"line":224,"column":25},"end":{"line":null,"column":-1}},"89":{"start":{"line":230,"column":25},"end":{"line":null,"column":-1}},"90":{"start":{"line":236,"column":25},"end":{"line":null,"column":-1}},"91":{"start":{"line":242,"column":25},"end":{"line":null,"column":-1}},"92":{"start":{"line":248,"column":25},"end":{"line":null,"column":-1}},"93":{"start":{"line":254,"column":25},"end":{"line":null,"column":-1}},"94":{"start":{"line":260,"column":25},"end":{"line":null,"column":-1}},"95":{"start":{"line":266,"column":25},"end":{"line":null,"column":-1}},"96":{"start":{"line":272,"column":25},"end":{"line":null,"column":-1}},"97":{"start":{"line":278,"column":25},"end":{"line":null,"column":-1}},"98":{"start":{"line":284,"column":25},"end":{"line":null,"column":-1}},"99":{"start":{"line":293,"column":23},"end":{"line":null,"column":-1}},"100":{"start":{"line":299,"column":23},"end":{"line":null,"column":-1}},"101":{"start":{"line":305,"column":23},"end":{"line":null,"column":-1}},"102":{"start":{"line":311,"column":23},"end":{"line":null,"column":-1}},"103":{"start":{"line":317,"column":23},"end":{"line":null,"column":-1}}},"fnMap":{"0":{"name":"loader","decl":{"start":{"line":10,"column":10},"end":{"line":null,"column":-1}},"loc":{"start":{"line":10,"column":10},"end":{"line":9,"column":35}}},"1":{"name":"(anonymous_11)","decl":{"start":{"line":10,"column":16},"end":{"line":null,"column":-1}},"loc":{"start":{"line":10,"column":16},"end":{"line":10,"column":46}}},"2":{"name":"(anonymous_12)","decl":{"start":{"line":10,"column":52},"end":{"line":null,"column":-1}},"loc":{"start":{"line":10,"column":52},"end":{"line":10,"column":16}}},"3":{"name":"loading","decl":{"start":{"line":11,"column":11},"end":{"line":null,"column":-1}},"loc":{"start":{"line":11,"column":11},"end":{"line":null,"column":-1}}},"4":{"name":"_","decl":{"start":{"line":27,"column":7},"end":{"line":27,"column":7}},"loc":{"start":{"line":27,"column":7},"end":{"line":26,"column":29}}},"5":{"name":"_","decl":{"start":{"line":28,"column":7},"end":{"line":28,"column":7}},"loc":{"start":{"line":28,"column":7},"end":{"line":26,"column":29}}},"6":{"name":"_","decl":{"start":{"line":29,"column":7},"end":{"line":29,"column":7}},"loc":{"start":{"line":29,"column":7},"end":{"line":26,"column":29}}},"7":{"name":"_","decl":{"start":{"line":30,"column":7},"end":{"line":30,"column":7}},"loc":{"start":{"line":30,"column":7},"end":{"line":26,"column":29}}},"8":{"name":"_","decl":{"start":{"line":31,"column":7},"end":{"line":31,"column":7}},"loc":{"start":{"line":31,"column":7},"end":{"line":null,"column":-1}}},"9":{"name":"onPress","decl":{"start":{"line":202,"column":25},"end":{"line":null,"column":-1}},"loc":{"start":{"line":202,"column":25},"end":{"line":null,"column":-1}}},"10":{"name":"onPress","decl":{"start":{"line":210,"column":25},"end":{"line":null,"column":-1}},"loc":{"start":{"line":210,"column":25},"end":{"line":null,"column":-1}}},"11":{"name":"onPress","decl":{"start":{"line":216,"column":25},"end":{"line":null,"column":-1}},"loc":{"start":{"line":216,"column":25},"end":{"line":null,"column":-1}}},"12":{"name":"onPress","decl":{"start":{"line":224,"column":25},"end":{"line":null,"column":-1}},"loc":{"start":{"line":224,"column":25},"end":{"line":null,"column":-1}}},"13":{"name":"onPress","decl":{"start":{"line":230,"column":25},"end":{"line":null,"column":-1}},"loc":{"start":{"line":230,"column":25},"end":{"line":null,"column":-1}}},"14":{"name":"onPress","decl":{"start":{"line":236,"column":25},"end":{"line":null,"column":-1}},"loc":{"start":{"line":236,"column":25},"end":{"line":null,"column":-1}}},"15":{"name":"onPress","decl":{"start":{"line":242,"column":25},"end":{"line":null,"column":-1}},"loc":{"start":{"line":242,"column":25},"end":{"line":null,"column":-1}}},"16":{"name":"onPress","decl":{"start":{"line":248,"column":25},"end":{"line":null,"column":-1}},"loc":{"start":{"line":248,"column":25},"end":{"line":null,"column":-1}}},"17":{"name":"onPress","decl":{"start":{"line":254,"column":25},"end":{"line":null,"column":-1}},"loc":{"start":{"line":254,"column":25},"end":{"line":null,"column":-1}}},"18":{"name":"onPress","decl":{"start":{"line":260,"column":25},"end":{"line":null,"column":-1}},"loc":{"start":{"line":260,"column":25},"end":{"line":null,"column":-1}}},"19":{"name":"onPress","decl":{"start":{"line":266,"column":25},"end":{"line":null,"column":-1}},"loc":{"start":{"line":266,"column":25},"end":{"line":null,"column":-1}}},"20":{"name":"onPress","decl":{"start":{"line":272,"column":25},"end":{"line":null,"column":-1}},"loc":{"start":{"line":272,"column":25},"end":{"line":null,"column":-1}}},"21":{"name":"onPress","decl":{"start":{"line":278,"column":25},"end":{"line":null,"column":-1}},"loc":{"start":{"line":278,"column":25},"end":{"line":null,"column":-1}}},"22":{"name":"onPress","decl":{"start":{"line":284,"column":25},"end":{"line":null,"column":-1}},"loc":{"start":{"line":284,"column":25},"end":{"line":null,"column":-1}}},"23":{"name":"onPress","decl":{"start":{"line":293,"column":23},"end":{"line":null,"column":-1}},"loc":{"start":{"line":293,"column":23},"end":{"line":null,"column":-1}}},"24":{"name":"onPress","decl":{"start":{"line":299,"column":23},"end":{"line":null,"column":-1}},"loc":{"start":{"line":299,"column":23},"end":{"line":null,"column":-1}}},"25":{"name":"onPress","decl":{"start":{"line":305,"column":23},"end":{"line":null,"column":-1}},"loc":{"start":{"line":305,"column":23},"end":{"line":null,"column":-1}}},"26":{"name":"onPress","decl":{"start":{"line":311,"column":23},"end":{"line":null,"column":-1}},"loc":{"start":{"line":311,"column":23},"end":{"line":null,"column":-1}}},"27":{"name":"onPress","decl":{"start":{"line":317,"column":23},"end":{"line":null,"column":-1}},"loc":{"start":{"line":317,"column":23},"end":{"line":null,"column":-1}}}},"branchMap":{"0":{"loc":{"start":{"line":16,"column":32},"end":{"line":15,"column":11}},"type":"cond-expr","locations":[{"start":{"line":16,"column":32},"end":{"line":15,"column":11}},{"start":{"line":15,"column":11},"end":{"line":null,"column":-1}}]},"1":{"loc":{"start":{"line":142,"column":4},"end":{"line":142,"column":25}},"type":"if","locations":[{"start":{"line":142,"column":4},"end":{"line":142,"column":25}},{"start":{"line":142,"column":4},"end":{"line":142,"column":25}}]},"2":{"loc":{"start":{"line":144,"column":4},"end":{"line":167,"column":5}},"type":"if","locations":[{"start":{"line":144,"column":4},"end":{"line":167,"column":5}},{"start":{"line":144,"column":4},"end":{"line":167,"column":5}}]},"3":{"loc":{"start":{"line":147,"column":11},"end":{"line":167,"column":5}},"type":"if","locations":[{"start":{"line":147,"column":11},"end":{"line":167,"column":5}},{"start":{"line":147,"column":11},"end":{"line":167,"column":5}}]},"4":{"loc":{"start":{"line":150,"column":11},"end":{"line":167,"column":5}},"type":"if","locations":[{"start":{"line":150,"column":11},"end":{"line":167,"column":5}},{"start":{"line":150,"column":11},"end":{"line":167,"column":5}}]},"5":{"loc":{"start":{"line":153,"column":11},"end":{"line":167,"column":5}},"type":"if","locations":[{"start":{"line":153,"column":11},"end":{"line":167,"column":5}},{"start":{"line":153,"column":11},"end":{"line":167,"column":5}}]},"6":{"loc":{"start":{"line":156,"column":11},"end":{"line":167,"column":5}},"type":"if","locations":[{"start":{"line":156,"column":11},"end":{"line":167,"column":5}},{"start":{"line":156,"column":11},"end":{"line":167,"column":5}}]},"7":{"loc":{"start":{"line":159,"column":11},"end":{"line":167,"column":5}},"type":"if","locations":[{"start":{"line":159,"column":11},"end":{"line":167,"column":5}},{"start":{"line":159,"column":11},"end":{"line":167,"column":5}}]},"8":{"loc":{"start":{"line":162,"column":6},"end":{"line":166,"column":7}},"type":"if","locations":[{"start":{"line":162,"column":6},"end":{"line":166,"column":7}},{"start":{"line":162,"column":6},"end":{"line":166,"column":7}}]},"9":{"loc":{"start":{"line":61,"column":20},"end":{"line":61,"column":73}},"type":"binary-expr","locations":[{"start":{"line":61,"column":20},"end":{"line":61,"column":73}},{"start":{"line":61,"column":74},"end":{"line":null,"column":-1}}]},"10":{"loc":{"start":{"line":78,"column":4},"end":{"line":78,"column":28}},"type":"if","locations":[{"start":{"line":78,"column":4},"end":{"line":78,"column":28}},{"start":{"line":78,"column":4},"end":{"line":78,"column":28}}]},"11":{"loc":{"start":{"line":91,"column":4},"end":{"line":96,"column":5}},"type":"if","locations":[{"start":{"line":91,"column":4},"end":{"line":96,"column":5}},{"start":{"line":91,"column":4},"end":{"line":96,"column":5}}]},"12":{"loc":{"start":{"line":102,"column":4},"end":{"line":112,"column":5}},"type":"if","locations":[{"start":{"line":102,"column":4},"end":{"line":112,"column":5}},{"start":{"line":102,"column":4},"end":{"line":112,"column":5}}]},"13":{"loc":{"start":{"line":110,"column":33},"end":{"line":110,"column":10}},"type":"cond-expr","locations":[{"start":{"line":110,"column":33},"end":{"line":110,"column":10}},{"start":{"line":110,"column":49},"end":{"line":110,"column":64}}]},"14":{"loc":{"start":{"line":119,"column":4},"end":{"line":131,"column":5}},"type":"if","locations":[{"start":{"line":119,"column":4},"end":{"line":131,"column":5}},{"start":{"line":119,"column":4},"end":{"line":131,"column":5}}]},"15":{"loc":{"start":{"line":123,"column":11},"end":{"line":131,"column":5}},"type":"if","locations":[{"start":{"line":123,"column":11},"end":{"line":131,"column":5}},{"start":{"line":123,"column":11},"end":{"line":131,"column":5}}]},"16":{"loc":{"start":{"line":124,"column":27},"end":{"line":124,"column":35}},"type":"binary-expr","locations":[{"start":{"line":124,"column":27},"end":{"line":124,"column":35}},{"start":{"line":124,"column":36},"end":{"line":124,"column":6}}]},"17":{"loc":{"start":{"line":175,"column":4},"end":{"line":177,"column":5}},"type":"if","locations":[{"start":{"line":175,"column":4},"end":{"line":177,"column":5}},{"start":{"line":175,"column":4},"end":{"line":177,"column":5}}]},"18":{"loc":{"start":{"line":192,"column":37},"end":{"line":192,"column":22}},"type":"cond-expr","locations":[{"start":{"line":192,"column":37},"end":{"line":192,"column":22}},{"start":{"line":192,"column":43},"end":{"line":192,"column":4}}]},"19":{"loc":{"start":{"line":203,"column":33},"end":{"line":203,"column":18}},"type":"cond-expr","locations":[{"start":{"line":203,"column":33},"end":{"line":203,"column":18}},{"start":{"line":203,"column":55},"end":{"line":202,"column":25}}]}},"s":{"0":0,"1":0,"2":0,"3":0,"4":0,"5":0,"6":0,"7":0,"8":0,"9":0,"10":0,"11":0,"12":0,"13":0,"14":0,"15":0,"16":0,"17":0,"18":0,"19":0,"20":0,"21":0,"22":0,"23":0,"24":0,"25":0,"26":0,"27":0,"28":0,"29":0,"30":0,"31":0,"32":0,"33":0,"34":0,"35":0,"36":0,"37":0,"38":0,"39":0,"40":0,"41":0,"42":0,"43":0,"44":0,"45":0,"46":0,"47":0,"48":0,"49":0,"50":0,"51":0,"52":0,"53":0,"54":0,"55":0,"56":0,"57":0,"58":0,"59":0,"60":0,"61":0,"62":0,"63":0,"64":0,"65":0,"66":0,"67":0,"68":0,"69":0,"70":0,"71":0,"72":0,"73":0,"74":0,"75":0,"76":0,"77":0,"78":0,"79":0,"80":0,"81":0,"82":0,"83":0,"84":0,"85":0,"86":0,"87":0,"88":0,"89":0,"90":0,"91":0,"92":0,"93":0,"94":0,"95":0,"96":0,"97":0,"98":0,"99":0,"100":0,"101":0,"102":0,"103":0},"f":{"0":0,"1":0,"2":0,"3":0,"4":0,"5":0,"6":0,"7":0,"8":0,"9":0,"10":0,"11":0,"12":0,"13":0,"14":0,"15":0,"16":0,"17":0,"18":0,"19":0,"20":0,"21":0,"22":0,"23":0,"24":0,"25":0,"26":0,"27":0},"b":{"0":[0,0],"1":[0,0],"2":[0,0],"3":[0,0],"4":[0,0],"5":[0,0],"6":[0,0],"7":[0,0],"8":[0,0],"9":[0,0],"10":[0,0],"11":[0,0],"12":[0,0],"13":[0,0],"14":[0,0],"15":[0,0],"16":[0,0],"17":[0,0],"18":[0,0],"19":[0,0]}}
,"D:\\testing\\testing-workshop\\other\\configuration\\calculator.solution\\src\\index.js": {"path":"D:\\testing\\testing-workshop\\other\\configuration\\calculator.solution\\src\\index.js","statementMap":{"0":{"start":{"line":1,"column":0},"end":{"line":null,"column":-1}},"1":{"start":{"line":2,"column":0},"end":{"line":null,"column":-1}},"2":{"start":{"line":3,"column":0},"end":{"line":null,"column":-1}},"3":{"start":{"line":4,"column":0},"end":{"line":null,"column":-1}},"4":{"start":{"line":6,"column":0},"end":{"line":null,"column":-1}}},"fnMap":{},"branchMap":{},"s":{"0":0,"1":0,"2":0,"3":0,"4":0},"f":{},"b":{}}
,"D:\\testing\\testing-workshop\\other\\configuration\\calculator.solution\\src\\utils.js": {"path":"D:\\testing\\testing-workshop\\other\\configuration\\calculator.solution\\src\\utils.js","statementMap":{"0":{"start":{"line":1,"column":54},"end":{"line":1,"column":53}},"1":{"start":{"line":2,"column":23},"end":{"line":2,"column":2}},"2":{"start":{"line":8,"column":16},"end":{"line":8,"column":2}},"3":{"start":{"line":10,"column":2},"end":{"line":12,"column":3}},"4":{"start":{"line":11,"column":4},"end":{"line":null,"column":-1}},"5":{"start":{"line":13,"column":2},"end":{"line":null,"column":-1}}},"fnMap":{"0":{"name":"getFormattedValue","decl":{"start":{"line":1,"column":9},"end":{"line":1,"column":0}},"loc":{"start":{"line":1,"column":54},"end":{"line":14,"column":1}}}},"branchMap":{"0":{"loc":{"start":{"line":1,"column":54},"end":{"line":1,"column":44}},"type":"cond-expr","locations":[{"start":{"line":1,"column":54},"end":{"line":1,"column":44}},{"start":{"line":1,"column":45},"end":{"line":1,"column":54}}]},"1":{"loc":{"start":{"line":1,"column":54},"end":{"line":1,"column":44}},"type":"binary-expr","locations":[{"start":{"line":1,"column":54},"end":{"line":1,"column":44}},{"start":{"line":1,"column":54},"end":{"line":1,"column":44}}]},"2":{"loc":{"start":{"line":10,"column":2},"end":{"line":12,"column":3}},"type":"if","locations":[{"start":{"line":10,"column":2},"end":{"line":12,"column":3}},{"start":{"line":10,"column":2},"end":{"line":12,"column":3}}]},"3":{"loc":{"start":{"line":11,"column":47},"end":{"line":11,"column":22}},"type":"cond-expr","locations":[{"start":{"line":11,"column":47},"end":{"line":11,"column":22}},{"start":{"line":11,"column":58},"end":{"line":11,"column":4}}]}},"s":{"0":0,"1":0,"2":0,"3":0,"4":0,"5":0},"f":{"0":0},"b":{"0":[0,0],"1":[0,0],"2":[0,0],"3":[0,0]}}
,"D:\\testing\\testing-workshop\\server\\src\\index.js": {"path":"D:\\testing\\testing-workshop\\server\\src\\index.js","statementMap":{"0":{"start":{"line":1,"column":0},"end":{"line":null,"column":-1}},"1":{"start":{"line":2,"column":0},"end":{"line":null,"column":-1}},"2":{"start":{"line":4,"column":16},"end":{"line":4,"column":0}},"3":{"start":{"line":5,"column":21},"end":{"line":5,"column":0}},"4":{"start":{"line":6,"column":17},"end":{"line":6,"column":0}},"5":{"start":{"line":8,"column":0},"end":{"line":null,"column":-1}},"6":{"start":{"line":10,"column":0},"end":{"line":null,"column":-1}}},"fnMap":{},"branchMap":{"0":{"loc":{"start":{"line":6,"column":17},"end":{"line":6,"column":16}},"type":"binary-expr","locations":[{"start":{"line":6,"column":17},"end":{"line":6,"column":16}},{"start":{"line":6,"column":43},"end":{"line":6,"column":17}}]},"1":{"loc":{"start":{"line":6,"column":53},"end":{"line":6,"column":43}},"type":"cond-expr","locations":[{"start":{"line":6,"column":53},"end":{"line":6,"column":43}},{"start":{"line":6,"column":62},"end":{"line":6,"column":17}}]},"2":{"loc":{"start":{"line":10,"column":34},"end":{"line":10,"column":19}},"type":"cond-expr","locations":[{"start":{"line":10,"column":34},"end":{"line":10,"column":19}},{"start":{"line":10,"column":53},"end":{"line":10,"column":12}}]}},"s":{"0":0,"1":0,"2":0,"3":0,"4":0,"5":0,"6":0},"f":{},"b":{"0":[0,0],"1":[0,0],"2":[0,0]}}
,"D:\\testing\\testing-workshop\\server\\src\\start.js": {"path":"D:\\testing\\testing-workshop\\server\\src\\start.js","statementMap":{"0":{"start":{"line":12,"column":2},"end":{"line":12,"column":41}},"1":{"start":{"line":13,"column":14},"end":{"line":13,"column":23}},"2":{"start":{"line":14,"column":2},"end":{"line":14,"column":17}},"3":{"start":{"line":15,"column":2},"end":{"line":15,"column":28}},"4":{"start":{"line":16,"column":2},"end":{"line":16,"column":32}},"5":{"start":{"line":17,"column":2},"end":{"line":17,"column":34}},"6":{"start":{"line":19,"column":2},"end":{"line":19,"column":18}},"7":{"start":{"line":21,"column":2},"end":{"line":32,"column":4}},"8":{"start":{"line":22,"column":19},"end":{"line":31,"column":6}},"9":{"start":{"line":23,"column":6},"end":{"line":23,"column":63}},"10":{"start":{"line":24,"column":28},"end":{"line":24,"column":53}},"11":{"start":{"line":25,"column":6},"end":{"line":29,"column":7}},"12":{"start":{"line":26,"column":8},"end":{"line":28,"column":10}},"13":{"start":{"line":27,"column":10},"end":{"line":27,"column":37}},"14":{"start":{"line":30,"column":6},"end":{"line":30,"column":21}}},"fnMap":{"0":{"name":"startServer","decl":{"start":{"line":11,"column":15},"end":{"line":11,"column":26}},"loc":{"start":{"line":11,"column":66},"end":{"line":33,"column":1}},"line":11},"1":{"name":"(anonymous_1)","decl":{"start":{"line":21,"column":21},"end":{"line":21,"column":22}},"loc":{"start":{"line":21,"column":32},"end":{"line":32,"column":3}},"line":21},"2":{"name":"(anonymous_2)","decl":{"start":{"line":22,"column":36},"end":{"line":22,"column":37}},"loc":{"start":{"line":22,"column":42},"end":{"line":31,"column":5}},"line":22},"3":{"name":"(anonymous_3)","decl":{"start":{"line":25,"column":21},"end":{"line":25,"column":22}},"loc":{"start":{"line":25,"column":27},"end":{"line":29,"column":7}},"line":25},"4":{"name":"(anonymous_4)","decl":{"start":{"line":26,"column":27},"end":{"line":26,"column":28}},"loc":{"start":{"line":26,"column":43},"end":{"line":28,"column":9}},"line":26}},"branchMap":{"0":{"loc":{"start":{"line":11,"column":27},"end":{"line":11,"column":64}},"type":"default-arg","locations":[{"start":{"line":11,"column":62},"end":{"line":11,"column":64}}],"line":11},"1":{"loc":{"start":{"line":11,"column":28},"end":{"line":11,"column":58}},"type":"default-arg","locations":[{"start":{"line":11,"column":35},"end":{"line":11,"column":58}}],"line":11},"2":{"loc":{"start":{"line":12,"column":9},"end":{"line":12,"column":41}},"type":"binary-expr","locations":[{"start":{"line":12,"column":9},"end":{"line":12,"column":13}},{"start":{"line":12,"column":18},"end":{"line":12,"column":40}}],"line":12}},"s":{"0":4,"1":4,"2":4,"3":4,"4":4,"5":4,"6":4,"7":4,"8":4,"9":4,"10":4,"11":4,"12":4,"13":4,"14":4},"f":{"0":4,"1":4,"2":4,"3":4,"4":4},"b":{"0":[0],"1":[0],"2":[4,0]},"_coverageSchema":"332fd63041d2c1bcb487cc26dd0d5f7d97098a6c","hash":"ca7348b2a3fe24d0937a4f7f984d302b3a908949"}
,"D:\\testing\\testing-workshop\\server\\src\\controllers\\auth.js": {"path":"D:\\testing\\testing-workshop\\server\\src\\controllers\\auth.js","statementMap":{"0":{"start":{"line":5,"column":23},"end":{"line":8,"column":2}},"1":{"start":{"line":5,"column":32},"end":{"line":8,"column":1}},"2":{"start":{"line":11,"column":31},"end":{"line":11,"column":39}},"3":{"start":{"line":12,"column":2},"end":{"line":14,"column":3}},"4":{"start":{"line":13,"column":4},"end":{"line":13,"column":71}},"5":{"start":{"line":16,"column":2},"end":{"line":18,"column":3}},"6":{"start":{"line":17,"column":4},"end":{"line":17,"column":71}},"7":{"start":{"line":19,"column":23},"end":{"line":19,"column":75}},"8":{"start":{"line":19,"column":47},"end":{"line":19,"column":70}},"9":{"start":{"line":20,"column":2},"end":{"line":22,"column":3}},"10":{"start":{"line":21,"column":4},"end":{"line":21,"column":62}},"11":{"start":{"line":23,"column":18},"end":{"line":26,"column":4}},"12":{"start":{"line":27,"column":2},"end":{"line":27,"column":50}},"13":{"start":{"line":31,"column":2},"end":{"line":33,"column":3}},"14":{"start":{"line":32,"column":4},"end":{"line":32,"column":71}},"15":{"start":{"line":35,"column":2},"end":{"line":37,"column":3}},"16":{"start":{"line":36,"column":4},"end":{"line":36,"column":71}},"17":{"start":{"line":38,"column":23},"end":{"line":38,"column":57}},"18":{"start":{"line":40,"column":2},"end":{"line":44,"column":3}},"19":{"start":{"line":41,"column":4},"end":{"line":41,"column":49}},"20":{"start":{"line":43,"column":4},"end":{"line":43,"column":37}},"21":{"start":{"line":48,"column":2},"end":{"line":56,"column":4}},"22":{"start":{"line":49,"column":4},"end":{"line":55,"column":22}},"23":{"start":{"line":50,"column":6},"end":{"line":54,"column":7}},"24":{"start":{"line":51,"column":8},"end":{"line":51,"column":19}},"25":{"start":{"line":53,"column":8},"end":{"line":53,"column":29}},"26":{"start":{"line":60,"column":2},"end":{"line":64,"column":3}},"27":{"start":{"line":61,"column":4},"end":{"line":61,"column":53}},"28":{"start":{"line":63,"column":4},"end":{"line":63,"column":33}}},"fnMap":{"0":{"name":"(anonymous_0)","decl":{"start":{"line":5,"column":23},"end":{"line":5,"column":24}},"loc":{"start":{"line":5,"column":32},"end":{"line":8,"column":1}},"line":5},"1":{"name":"register","decl":{"start":{"line":10,"column":15},"end":{"line":10,"column":23}},"loc":{"start":{"line":10,"column":34},"end":{"line":28,"column":1}},"line":10},"2":{"name":"(anonymous_2)","decl":{"start":{"line":19,"column":42},"end":{"line":19,"column":43}},"loc":{"start":{"line":19,"column":47},"end":{"line":19,"column":70}},"line":19},"3":{"name":"login","decl":{"start":{"line":30,"column":15},"end":{"line":30,"column":20}},"loc":{"start":{"line":30,"column":37},"end":{"line":45,"column":1}},"line":30},"4":{"name":"authenticate","decl":{"start":{"line":47,"column":9},"end":{"line":47,"column":21}},"loc":{"start":{"line":47,"column":38},"end":{"line":57,"column":1}},"line":47},"5":{"name":"(anonymous_5)","decl":{"start":{"line":48,"column":21},"end":{"line":48,"column":22}},"loc":{"start":{"line":48,"column":42},"end":{"line":56,"column":3}},"line":48},"6":{"name":"(anonymous_6)","decl":{"start":{"line":49,"column":53},"end":{"line":49,"column":54}},"loc":{"start":{"line":49,"column":74},"end":{"line":55,"column":5}},"line":49},"7":{"name":"me","decl":{"start":{"line":59,"column":15},"end":{"line":59,"column":17}},"loc":{"start":{"line":59,"column":28},"end":{"line":65,"column":1}},"line":59}},"branchMap":{"0":{"loc":{"start":{"line":12,"column":2},"end":{"line":14,"column":3}},"type":"if","locations":[{"start":{"line":12,"column":2},"end":{"line":14,"column":3}},{"start":{"line":12,"column":2},"end":{"line":14,"column":3}}],"line":12},"1":{"loc":{"start":{"line":16,"column":2},"end":{"line":18,"column":3}},"type":"if","locations":[{"start":{"line":16,"column":2},"end":{"line":18,"column":3}},{"start":{"line":16,"column":2},"end":{"line":18,"column":3}}],"line":16},"2":{"loc":{"start":{"line":20,"column":2},"end":{"line":22,"column":3}},"type":"if","locations":[{"start":{"line":20,"column":2},"end":{"line":22,"column":3}},{"start":{"line":20,"column":2},"end":{"line":22,"column":3}}],"line":20},"3":{"loc":{"start":{"line":31,"column":2},"end":{"line":33,"column":3}},"type":"if","locations":[{"start":{"line":31,"column":2},"end":{"line":33,"column":3}},{"start":{"line":31,"column":2},"end":{"line":33,"column":3}}],"line":31},"4":{"loc":{"start":{"line":35,"column":2},"end":{"line":37,"column":3}},"type":"if","locations":[{"start":{"line":35,"column":2},"end":{"line":37,"column":3}},{"start":{"line":35,"column":2},"end":{"line":37,"column":3}}],"line":35},"5":{"loc":{"start":{"line":40,"column":2},"end":{"line":44,"column":3}},"type":"if","locations":[{"start":{"line":40,"column":2},"end":{"line":44,"column":3}},{"start":{"line":40,"column":2},"end":{"line":44,"column":3}}],"line":40},"6":{"loc":{"start":{"line":50,"column":6},"end":{"line":54,"column":7}},"type":"if","locations":[{"start":{"line":50,"column":6},"end":{"line":54,"column":7}},{"start":{"line":50,"column":6},"end":{"line":54,"column":7}}],"line":50},"7":{"loc":{"start":{"line":60,"column":2},"end":{"line":64,"column":3}},"type":"if","locations":[{"start":{"line":60,"column":2},"end":{"line":64,"column":3}},{"start":{"line":60,"column":2},"end":{"line":64,"column":3}}],"line":60}},"s":{"0":5,"1":7,"2":9,"3":9,"4":2,"5":7,"6":2,"7":5,"8":34,"9":5,"10":2,"11":3,"12":3,"13":9,"14":2,"15":7,"16":2,"17":5,"18":4,"19":2,"20":2,"21":5,"22":5,"23":5,"24":1,"25":4,"26":3,"27":2,"28":1},"f":{"0":7,"1":9,"2":34,"3":9,"4":5,"5":5,"6":5,"7":3},"b":{"0":[2,7],"1":[2,5],"2":[2,3],"3":[2,7],"4":[2,5],"5":[2,2],"6":[1,4],"7":[2,1]},"_coverageSchema":"332fd63041d2c1bcb487cc26dd0d5f7d97098a6c","hash":"e949a87204ed75ebce4cbc28b2ddf7feea2a92a5"}
,"D:\\testing\\testing-workshop\\server\\src\\controllers\\auth.todo.js": {"path":"D:\\testing\\testing-workshop\\server\\src\\controllers\\auth.todo.js","statementMap":{"0":{"start":{"line":5,"column":23},"end":{"line":8,"column":2}},"1":{"start":{"line":5,"column":32},"end":{"line":8,"column":1}},"2":{"start":{"line":11,"column":31},"end":{"line":11,"column":39}},"3":{"start":{"line":12,"column":2},"end":{"line":14,"column":3}},"4":{"start":{"line":13,"column":4},"end":{"line":13,"column":71}},"5":{"start":{"line":16,"column":2},"end":{"line":18,"column":3}},"6":{"start":{"line":17,"column":4},"end":{"line":17,"column":71}},"7":{"start":{"line":19,"column":23},"end":{"line":19,"column":75}},"8":{"start":{"line":19,"column":47},"end":{"line":19,"column":70}},"9":{"start":{"line":20,"column":2},"end":{"line":22,"column":3}},"10":{"start":{"line":21,"column":4},"end":{"line":21,"column":62}},"11":{"start":{"line":23,"column":18},"end":{"line":26,"column":4}},"12":{"start":{"line":27,"column":2},"end":{"line":27,"column":50}},"13":{"start":{"line":31,"column":2},"end":{"line":33,"column":3}},"14":{"start":{"line":32,"column":4},"end":{"line":32,"column":71}},"15":{"start":{"line":35,"column":2},"end":{"line":37,"column":3}},"16":{"start":{"line":36,"column":4},"end":{"line":36,"column":71}},"17":{"start":{"line":38,"column":23},"end":{"line":38,"column":57}},"18":{"start":{"line":40,"column":2},"end":{"line":44,"column":3}},"19":{"start":{"line":41,"column":4},"end":{"line":41,"column":49}},"20":{"start":{"line":43,"column":4},"end":{"line":43,"column":37}},"21":{"start":{"line":48,"column":2},"end":{"line":56,"column":4}},"22":{"start":{"line":49,"column":4},"end":{"line":55,"column":22}},"23":{"start":{"line":50,"column":6},"end":{"line":54,"column":7}},"24":{"start":{"line":51,"column":8},"end":{"line":51,"column":19}},"25":{"start":{"line":53,"column":8},"end":{"line":53,"column":29}},"26":{"start":{"line":60,"column":2},"end":{"line":67,"column":3}},"27":{"start":{"line":64,"column":4},"end":{"line":64,"column":37}},"28":{"start":{"line":66,"column":4},"end":{"line":66,"column":33}}},"fnMap":{"0":{"name":"(anonymous_0)","decl":{"start":{"line":5,"column":23},"end":{"line":5,"column":24}},"loc":{"start":{"line":5,"column":32},"end":{"line":8,"column":1}},"line":5},"1":{"name":"register","decl":{"start":{"line":10,"column":15},"end":{"line":10,"column":23}},"loc":{"start":{"line":10,"column":34},"end":{"line":28,"column":1}},"line":10},"2":{"name":"(anonymous_2)","decl":{"start":{"line":19,"column":42},"end":{"line":19,"column":43}},"loc":{"start":{"line":19,"column":47},"end":{"line":19,"column":70}},"line":19},"3":{"name":"login","decl":{"start":{"line":30,"column":15},"end":{"line":30,"column":20}},"loc":{"start":{"line":30,"column":37},"end":{"line":45,"column":1}},"line":30},"4":{"name":"authenticate","decl":{"start":{"line":47,"column":9},"end":{"line":47,"column":21}},"loc":{"start":{"line":47,"column":38},"end":{"line":57,"column":1}},"line":47},"5":{"name":"(anonymous_5)","decl":{"start":{"line":48,"column":21},"end":{"line":48,"column":22}},"loc":{"start":{"line":48,"column":42},"end":{"line":56,"column":3}},"line":48},"6":{"name":"(anonymous_6)","decl":{"start":{"line":49,"column":53},"end":{"line":49,"column":54}},"loc":{"start":{"line":49,"column":74},"end":{"line":55,"column":5}},"line":49},"7":{"name":"me","decl":{"start":{"line":59,"column":15},"end":{"line":59,"column":17}},"loc":{"start":{"line":59,"column":28},"end":{"line":68,"column":1}},"line":59}},"branchMap":{"0":{"loc":{"start":{"line":12,"column":2},"end":{"line":14,"column":3}},"type":"if","locations":[{"start":{"line":12,"column":2},"end":{"line":14,"column":3}},{"start":{"line":12,"column":2},"end":{"line":14,"column":3}}],"line":12},"1":{"loc":{"start":{"line":16,"column":2},"end":{"line":18,"column":3}},"type":"if","locations":[{"start":{"line":16,"column":2},"end":{"line":18,"column":3}},{"start":{"line":16,"column":2},"end":{"line":18,"column":3}}],"line":16},"2":{"loc":{"start":{"line":20,"column":2},"end":{"line":22,"column":3}},"type":"if","locations":[{"start":{"line":20,"column":2},"end":{"line":22,"column":3}},{"start":{"line":20,"column":2},"end":{"line":22,"column":3}}],"line":20},"3":{"loc":{"start":{"line":31,"column":2},"end":{"line":33,"column":3}},"type":"if","locations":[{"start":{"line":31,"column":2},"end":{"line":33,"column":3}},{"start":{"line":31,"column":2},"end":{"line":33,"column":3}}],"line":31},"4":{"loc":{"start":{"line":35,"column":2},"end":{"line":37,"column":3}},"type":"if","locations":[{"start":{"line":35,"column":2},"end":{"line":37,"column":3}},{"start":{"line":35,"column":2},"end":{"line":37,"column":3}}],"line":35},"5":{"loc":{"start":{"line":40,"column":2},"end":{"line":44,"column":3}},"type":"if","locations":[{"start":{"line":40,"column":2},"end":{"line":44,"column":3}},{"start":{"line":40,"column":2},"end":{"line":44,"column":3}}],"line":40},"6":{"loc":{"start":{"line":50,"column":6},"end":{"line":54,"column":7}},"type":"if","locations":[{"start":{"line":50,"column":6},"end":{"line":54,"column":7}},{"start":{"line":50,"column":6},"end":{"line":54,"column":7}}],"line":50},"7":{"loc":{"start":{"line":60,"column":2},"end":{"line":67,"column":3}},"type":"if","locations":[{"start":{"line":60,"column":2},"end":{"line":67,"column":3}},{"start":{"line":60,"column":2},"end":{"line":67,"column":3}}],"line":60}},"s":{"0":1,"1":2,"2":4,"3":4,"4":1,"5":3,"6":1,"7":2,"8":2,"9":2,"10":1,"11":1,"12":1,"13":5,"14":1,"15":4,"16":1,"17":3,"18":2,"19":1,"20":1,"21":3,"22":3,"23":3,"24":1,"25":2,"26":1,"27":0,"28":1},"f":{"0":2,"1":4,"2":2,"3":5,"4":3,"5":3,"6":3,"7":1},"b":{"0":[1,3],"1":[1,2],"2":[1,1],"3":[1,4],"4":[1,3],"5":[1,1],"6":[1,2],"7":[0,1]},"_coverageSchema":"332fd63041d2c1bcb487cc26dd0d5f7d97098a6c","hash":"e167790bda6b8104538d46f6196d314c947e22c7"}
,"D:\\testing\\testing-workshop\\server\\src\\controllers\\posts.js": {"path":"D:\\testing\\testing-workshop\\server\\src\\controllers\\posts.js","statementMap":{"0":{"start":{"line":4,"column":21},"end":{"line":4,"column":52}},"1":{"start":{"line":5,"column":2},"end":{"line":9,"column":3}},"2":{"start":{"line":6,"column":4},"end":{"line":6,"column":17}},"3":{"start":{"line":8,"column":4},"end":{"line":8,"column":33}},"4":{"start":{"line":13,"column":16},"end":{"line":13,"column":35}},"5":{"start":{"line":14,"column":2},"end":{"line":18,"column":3}},"6":{"start":{"line":15,"column":4},"end":{"line":15,"column":28}},"7":{"start":{"line":17,"column":4},"end":{"line":17,"column":33}},"8":{"start":{"line":22,"column":15},"end":{"line":22,"column":46}},"9":{"start":{"line":23,"column":2},"end":{"line":27,"column":3}},"10":{"start":{"line":24,"column":4},"end":{"line":24,"column":27}},"11":{"start":{"line":26,"column":4},"end":{"line":26,"column":33}},"12":{"start":{"line":31,"column":15},"end":{"line":31,"column":44}},"13":{"start":{"line":32,"column":2},"end":{"line":36,"column":3}},"14":{"start":{"line":33,"column":4},"end":{"line":33,"column":27}},"15":{"start":{"line":35,"column":4},"end":{"line":35,"column":33}},"16":{"start":{"line":40,"column":15},"end":{"line":40,"column":46}},"17":{"start":{"line":41,"column":2},"end":{"line":43,"column":3}},"18":{"start":{"line":42,"column":4},"end":{"line":42,"column":33}},"19":{"start":{"line":44,"column":2},"end":{"line":46,"column":3}},"20":{"start":{"line":45,"column":4},"end":{"line":45,"column":33}},"21":{"start":{"line":47,"column":22},"end":{"line":47,"column":66}},"22":{"start":{"line":48,"column":2},"end":{"line":53,"column":3}},"23":{"start":{"line":49,"column":4},"end":{"line":49,"column":40}},"24":{"start":{"line":52,"column":4},"end":{"line":52,"column":33}},"25":{"start":{"line":57,"column":15},"end":{"line":57,"column":46}},"26":{"start":{"line":58,"column":2},"end":{"line":60,"column":3}},"27":{"start":{"line":59,"column":4},"end":{"line":59,"column":33}},"28":{"start":{"line":61,"column":2},"end":{"line":63,"column":3}},"29":{"start":{"line":62,"column":4},"end":{"line":62,"column":33}},"30":{"start":{"line":64,"column":22},"end":{"line":64,"column":56}},"31":{"start":{"line":65,"column":2},"end":{"line":65,"column":38}}},"fnMap":{"0":{"name":"authorize","decl":{"start":{"line":3,"column":15},"end":{"line":3,"column":24}},"loc":{"start":{"line":3,"column":41},"end":{"line":10,"column":1}},"line":3},"1":{"name":"getPosts","decl":{"start":{"line":12,"column":15},"end":{"line":12,"column":23}},"loc":{"start":{"line":12,"column":34},"end":{"line":19,"column":1}},"line":12},"2":{"name":"getPost","decl":{"start":{"line":21,"column":15},"end":{"line":21,"column":22}},"loc":{"start":{"line":21,"column":33},"end":{"line":28,"column":1}},"line":21},"3":{"name":"createPost","decl":{"start":{"line":30,"column":15},"end":{"line":30,"column":25}},"loc":{"start":{"line":30,"column":36},"end":{"line":37,"column":1}},"line":30},"4":{"name":"updatePost","decl":{"start":{"line":39,"column":15},"end":{"line":39,"column":25}},"loc":{"start":{"line":39,"column":36},"end":{"line":54,"column":1}},"line":39},"5":{"name":"deletePost","decl":{"start":{"line":56,"column":15},"end":{"line":56,"column":25}},"loc":{"start":{"line":56,"column":36},"end":{"line":66,"column":1}},"line":56}},"branchMap":{"0":{"loc":{"start":{"line":5,"column":2},"end":{"line":9,"column":3}},"type":"if","locations":[{"start":{"line":5,"column":2},"end":{"line":9,"column":3}},{"start":{"line":5,"column":2},"end":{"line":9,"column":3}}],"line":5},"1":{"loc":{"start":{"line":14,"column":2},"end":{"line":18,"column":3}},"type":"if","locations":[{"start":{"line":14,"column":2},"end":{"line":18,"column":3}},{"start":{"line":14,"column":2},"end":{"line":18,"column":3}}],"line":14},"2":{"loc":{"start":{"line":23,"column":2},"end":{"line":27,"column":3}},"type":"if","locations":[{"start":{"line":23,"column":2},"end":{"line":27,"column":3}},{"start":{"line":23,"column":2},"end":{"line":27,"column":3}}],"line":23},"3":{"loc":{"start":{"line":32,"column":2},"end":{"line":36,"column":3}},"type":"if","locations":[{"start":{"line":32,"column":2},"end":{"line":36,"column":3}},{"start":{"line":32,"column":2},"end":{"line":36,"column":3}}],"line":32},"4":{"loc":{"start":{"line":41,"column":2},"end":{"line":43,"column":3}},"type":"if","locations":[{"start":{"line":41,"column":2},"end":{"line":43,"column":3}},{"start":{"line":41,"column":2},"end":{"line":43,"column":3}}],"line":41},"5":{"loc":{"start":{"line":44,"column":2},"end":{"line":46,"column":3}},"type":"if","locations":[{"start":{"line":44,"column":2},"end":{"line":46,"column":3}},{"start":{"line":44,"column":2},"end":{"line":46,"column":3}}],"line":44},"6":{"loc":{"start":{"line":44,"column":6},"end":{"line":44,"column":48}},"type":"binary-expr","locations":[{"start":{"line":44,"column":6},"end":{"line":44,"column":15}},{"start":{"line":44,"column":19},"end":{"line":44,"column":48}}],"line":44},"7":{"loc":{"start":{"line":48,"column":2},"end":{"line":53,"column":3}},"type":"if","locations":[{"start":{"line":48,"column":2},"end":{"line":53,"column":3}},{"start":{"line":48,"column":2},"end":{"line":53,"column":3}}],"line":48},"8":{"loc":{"sta
[...]
n":3}}],"line":23},"3":{"loc":{"start":{"line":28,"column":10},"end":{"line":30,"column":23}},"type":"cond-expr","locations":[{"start":{"line":29,"column":14},"end":{"line":29,"column":32}},{"start":{"line":30,"column":14},"end":{"line":30,"column":23}}],"line":28},"4":{"loc":{"start":{"line":28,"column":10},"end":{"line":28,"column":51}},"type":"binary-expr","locations":[{"start":{"line":28,"column":10},"end":{"line":28,"column":18}},{"start":{"line":28,"column":22},"end":{"line":28,"column":51}}],"line":28},"5":{"loc":{"start":{"line":39,"column":2},"end":{"line":41,"column":3}},"type":"if","locations":[{"start":{"line":39,"column":2},"end":{"line":41,"column":3}},{"start":{"line":39,"column":2},"end":{"line":41,"column":3}}],"line":39},"6":{"loc":{"start":{"line":39,"column":6},"end":{"line":39,"column":48}},"type":"binary-expr","locations":[{"start":{"line":39,"column":6},"end":{"line":39,"column":15}},{"start":{"line":39,"column":19},"end":{"line":39,"column":48}}],"line":39},"7":{"loc":{"start":{"line":43,"column":2},"end":{"line":47,"column":3}},"type":"if","locations":[{"start":{"line":43,"column":2},"end":{"line":47,"column":3}},{"start":{"line":43,"column":2},"end":{"line":47,"column":3}}],"line":43},"8":{"loc":{"start":{"line":51,"column":2},"end":{"line":53,"column":3}},"type":"if","locations":[{"start":{"line":51,"column":2},"end":{"line":53,"column":3}},{"start":{"line":51,"column":2},"end":{"line":53,"column":3}}],"line":51},"9":{"loc":{"start":{"line":51,"column":6},"end":{"line":51,"column":48}},"type":"binary-expr","locations":[{"start":{"line":51,"column":6},"end":{"line":51,"column":15}},{"start":{"line":51,"column":19},"end":{"line":51,"column":48}}],"line":51},"10":{"loc":{"start":{"line":55,"column":2},"end":{"line":57,"column":3}},"type":"if","locations":[{"start":{"line":55,"column":2},"end":{"line":57,"column":3}},{"start":{"line":55,"column":2},"end":{"line":57,"column":3}}],"line":55}},"s":{"0":4,"1":4,"2":0,"3":2,"4":2,"5":2,"6":20,"7":0,"8":7,"9":7,"10":5,"11":2,"12":3,"13":0,"14":3,"15":3,"16":3,"17":0,"18":5,"19":1,"20":4,"21":4,"22":1,"23":3,"24":3},"f":{"0":4,"1":2,"2":20,"3":7,"4":3,"5":5},"b":{"0":[4,0],"1":[2,0],"2":[5,2],"3":[2,3],"4":[5,2],"5":[0,3],"6":[3,3],"7":[3,0],"8":[1,4],"9":[5,4],"10":[1,3]},"_coverageSchema":"332fd63041d2c1bcb487cc26dd0d5f7d97098a6c","hash":"2dec0ad25592dc9a53e08cbdc2b67781c4899d9b"}
,"D:\\testing\\testing-workshop\\server\\src\\controllers\\users.todo.js": {"path":"D:\\testing\\testing-workshop\\server\\src\\controllers\\users.todo.js","statementMap":{"0":{"start":{"line":1,"column":0},"end":{"line":null,"column":-1}},"1":{"start":{"line":2,"column":0},"end":{"line":null,"column":-1}},"2":{"start":{"line":5,"column":2},"end":{"line":9,"column":3}},"3":{"start":{"line":6,"column":4},"end":{"line":null,"column":-1}},"4":{"start":{"line":8,"column":4},"end":{"line":null,"column":-1}},"5":{"start":{"line":13,"column":16},"end":{"line":13,"column":2}},"6":{"start":{"line":14,"column":2},"end":{"line":18,"column":3}},"7":{"start":{"line":15,"column":4},"end":{"line":null,"column":-1}},"8":{"start":{"line":15,"column":43},"end":{"line":15,"column":28}},"9":{"start":{"line":17,"column":4},"end":{"line":null,"column":-1}},"10":{"start":{"line":22,"column":15},"end":{"line":22,"column":2}},"11":{"start":{"line":23,"column":2},"end":{"line":35,"column":3}},"12":{"start":{"line":24,"column":4},"end":{"line":null,"column":-1}},"13":{"start":{"line":34,"column":4},"end":{"line":null,"column":-1}},"14":{"start":{"line":39,"column":2},"end":{"line":41,"column":3}},"15":{"start":{"line":40,"column":4},"end":{"line":null,"column":-1}},"16":{"start":{"line":42,"column":15},"end":{"line":42,"column":2}},"17":{"start":{"line":43,"column":2},"end":{"line":47,"column":3}},"18":{"start":{"line":44,"column":4},"end":{"line":null,"column":-1}},"19":{"start":{"line":46,"column":4},"end":{"line":null,"column":-1}}},"fnMap":{"0":{"name":"authorize","decl":{"start":{"line":4,"column":9},"end":{"line":4,"column":0}},"loc":{"start":{"line":4,"column":35},"end":{"line":10,"column":1}}},"1":{"name":"getUsers","decl":{"start":{"line":12,"column":15},"end":{"line":12,"column":0}},"loc":{"start":{"line":12,"column":34},"end":{"line":19,"column":1}}},"2":{"name":"(anonymous_4)","decl":{"start":{"line":15,"column":38},"end":{"line":15,"column":42}},"loc":{"start":{"line":15,"column":43},"end":{"line":15,"column":28}}},"3":{"name":"getUser","decl":{"start":{"line":21,"column":15},"end":{"line":21,"column":0}},"loc":{"start":{"line":21,"column":33},"end":{"line":36,"column":1}}},"4":{"name":"updateUser","decl":{"start":{"line":38,"column":15},"end":{"line":38,"column":0}},"loc":{"start":{"line":38,"column":36},"end":{"line":48,"column":1}}}},"branchMap":{"0":{"loc":{"start":{"line":5,"column":2},"end":{"line":9,"column":3}},"type":"if","locations":[{"start":{"line":5,"column":2},"end":{"line":9,"column":3}},{"start":{"line":5,"column":2},"end":{"line":9,"column":3}}]},"1":{"loc":{"start":{"line":14,"column":2},"end":{"line":18,"column":3}},"type":"if","locations":[{"start":{"line":14,"column":2},"end":{"line":18,"column":3}},{"start":{"line":14,"column":2},"end":{"line":18,"column":3}}]},"2":{"loc":{"start":{"line":23,"column":2},"end":{"line":35,"column":3}},"type":"if","locations":[{"start":{"line":23,"column":2},"end":{"line":35,"column":3}},{"start":{"line":23,"column":2},"end":{"line":35,"column":3}}]},"3":{"loc":{"start":{"line":29,"column":14},"end":{"line":28,"column":10}},"type":"cond-expr","locations":[{"start":{"line":29,"column":14},"end":{"line":28,"column":10}},{"start":{"line":30,"column":14},"end":{"line":null,"column":-1}}]},"4":{"loc":{"start":{"line":28,"column":10},"end":{"line":28,"column":9}},"type":"binary-expr","locations":[{"start":{"line":28,"column":10},"end":{"line":28,"column":9}},{"start":{"line":28,"column":22},"end":{"line":28,"column":10}}]},"5":{"loc":{"start":{"line":39,"column":2},"end":{"line":41,"column":3}},"type":"if","locations":[{"start":{"line":39,"column":2},"end":{"line":41,"column":3}},{"start":{"line":39,"column":2},"end":{"line":41,"column":3}}]},"6":{"loc":{"start":{"line":39,"column":6},"end":{"line":39,"column":5}},"type":"binary-expr","locations":[{"start":{"line":39,"column":6},"end":{"line":39,"column":5}},{"start":{"line":39,"column":19},"end":{"line":39,"column":2}}]},"7":{"loc":{"start":{"line":43,"column":2},"end":{"line":47,"column":3}},"type":"if","locations":[{"start":{"line":43,"column":2},"end":{"line":47,"column":3}},{"start":{"line":43,"column":2},"end":{"line":47,"column":3}}]}},"s":{"0":0,"1":0,"2":0,"3":0,"4":0,"5":0,"6":0,"7":0,"8":0,"9":0,"10":0,"11":0,"12":0,"13":0,"14":0,"15":0,"16":0,"17":0,"18":0,"19":0},"f":{"0":0,"1":0,"2":0,"3":0,"4":0},"b":{"0":[0,0],"1":[0,0],"2":[0,0],"3":[0,0],"4":[0,0],"5":[0,0],"6":[0,0],"7":[0,0]}}
,"D:\\testing\\testing-workshop\\server\\src\\routes\\auth.js": {"path":"D:\\testing\\testing-workshop\\server\\src\\routes\\auth.js","statementMap":{"0":{"start":{"line":5,"column":2},"end":{"line":5,"column":51}},"1":{"start":{"line":6,"column":2},"end":{"line":6,"column":45}},"2":{"start":{"line":7,"column":2},"end":{"line":7,"column":63}}},"fnMap":{"0":{"name":"setupAuthRoutes","decl":{"start":{"line":4,"column":9},"end":{"line":4,"column":24}},"loc":{"start":{"line":4,"column":33},"end":{"line":8,"column":1}},"line":4}},"branchMap":{},"s":{"0":4,"1":4,"2":4},"f":{"0":4},"b":{},"_coverageSchema":"332fd63041d2c1bcb487cc26dd0d5f7d97098a6c","hash":"775eaa05dbcc3791d4e395e9ca303117856eca25"}
,"D:\\testing\\testing-workshop\\server\\src\\routes\\index.js": {"path":"D:\\testing\\testing-workshop\\server\\src\\routes\\index.js","statementMap":{"0":{"start":{"line":7,"column":21},"end":{"line":7,"column":37}},"1":{"start":{"line":8,"column":2},"end":{"line":8,"column":29}},"2":{"start":{"line":9,"column":2},"end":{"line":9,"column":34}},"3":{"start":{"line":11,"column":21},"end":{"line":11,"column":37}},"4":{"start":{"line":12,"column":2},"end":{"line":12,"column":29}},"5":{"start":{"line":13,"column":2},"end":{"line":13,"column":35}},"6":{"start":{"line":15,"column":21},"end":{"line":15,"column":37}},"7":{"start":{"line":16,"column":2},"end":{"line":16,"column":29}},"8":{"start":{"line":17,"column":2},"end":{"line":17,"column":35}}},"fnMap":{"0":{"name":"setupRoutes","decl":{"start":{"line":6,"column":9},"end":{"line":6,"column":20}},"loc":{"start":{"line":6,"column":26},"end":{"line":18,"column":1}},"line":6}},"branchMap":{},"s":{"0":4,"1":4,"2":4,"3":4,"4":4,"5":4,"6":4,"7":4,"8":4},"f":{"0":4},"b":{},"_coverageSchema":"332fd63041d2c1bcb487cc26dd0d5f7d97098a6c","hash":"ba65e5697e03ef587052ccffb6911c9c36e60eb6"}
,"D:\\testing\\testing-workshop\\server\\src\\routes\\posts.js": {"path":"D:\\testing\\testing-workshop\\server\\src\\routes\\posts.js","statementMap":{"0":{"start":{"line":5,"column":2},"end":{"line":5,"column":42}},"1":{"start":{"line":6,"column":2},"end":{"line":6,"column":44}},"2":{"start":{"line":7,"column":2},"end":{"line":7,"column":70}},"3":{"start":{"line":9,"column":2},"end":{"line":14,"column":3}},"4":{"start":{"line":16,"column":2},"end":{"line":21,"column":3}}},"fnMap":{"0":{"name":"setupPostRoutes","decl":{"start":{"line":4,"column":9},"end":{"line":4,"column":24}},"loc":{"start":{"line":4,"column":33},"end":{"line":22,"column":1}},"line":4}},"branchMap":{},"s":{"0":4,"1":4,"2":4,"3":4,"4":4},"f":{"0":4},"b":{},"_coverageSchema":"332fd63041d2c1bcb487cc26dd0d5f7d97098a6c","hash":"a19a5b27d5b7f202965dc40bb9beed453f1228a1"}
,"D:\\testing\\testing-workshop\\server\\src\\routes\\users.js": {"path":"D:\\testing\\testing-workshop\\server\\src\\routes\\users.js","statementMap":{"0":{"start":{"line":5,"column":2},"end":{"line":5,"column":42}},"1":{"start":{"line":7,"column":2},"end":{"line":7,"column":69}},"2":{"start":{"line":9,"column":2},"end":{"line":14,"column":3}},"3":{"start":{"line":16,"column":2},"end":{"line":21,"column":3}}},"fnMap":{"0":{"name":"setupUserRoutes","decl":{"start":{"line":4,"column":9},"end":{"line":4,"column":24}},"loc":{"start":{"line":4,"column":33},"end":{"line":22,"column":1}},"line":4}},"branchMap":{},"s":{"0":4,"1":4,"2":4,"3":4},"f":{"0":4},"b":{},"_coverageSchema":"332fd63041d2c1bcb487cc26dd0d5f7d97098a6c","hash":"343952c561864a7c1918291203709893b4b9f778"}
,"D:\\testing\\testing-workshop\\server\\src\\utils\\auth.js": {"path":"D:\\testing\\testing-workshop\\server\\src\\utils\\auth.js","statementMap":{"0":{"start":{"line":12,"column":23},"end":{"line":20,"column":1}},"1":{"start":{"line":23,"column":2},"end":{"line":36,"column":4}},"2":{"start":{"line":25,"column":4},"end":{"line":29,"column":5}},"3":{"start":{"line":26,"column":6},"end":{"line":26,"column":65}},"4":{"start":{"line":26,"column":37},"end":{"line":26,"column":60}},"5":{"start":{"line":28,"column":6},"end":{"line":28,"column":24}},"6":{"start":{"line":30,"column":4},"end":{"line":34,"column":5}},"7":{"start":{"line":31,"column":6},"end":{"line":33,"column":8}},"8":{"start":{"line":35,"column":4},"end":{"line":35,"column":39}},"9":{"start":{"line":40,"column":2},"end":{"line":40,"column":51}},"10":{"start":{"line":44,"column":2},"end":{"line":44,"column":74}}},"fnMap":{"0":{"name":"getLocalStrategy","decl":{"start":{"line":22,"column":9},"end":{"line":22,"column":25}},"loc":{"start":{"line":22,"column":28},"end":{"line":37,"column":1}},"line":22},"1":{"name":"(anonymous_1)","decl":{"start":{"line":23,"column":27},"end":{"line":23,"column":28}},"loc":{"start":{"line":23,"column":63},"end":{"line":36,"column":3}},"line":23},"2":{"name":"(anonymous_2)","decl":{"start":{"line":26,"column":32},"end":{"line":26,"column":33}},"loc":{"start":{"line":26,"column":37},"end":{"line":26,"column":60}},"line":26},"3":{"name":"userToJSON","decl":{"start":{"line":39,"column":9},"end":{"line":39,"column":19}},"loc":{"start":{"line":39,"column":26},"end":{"line":41,"column":1}},"line":39},"4":{"name":"isPasswordAllowed","decl":{"start":{"line":43,"column":9},"end":{"line":43,"column":26}},"loc":{"start":{"line":43,"column":37},"end":{"line":45,"column":1}},"line":43}},"branchMap":{"0":{"loc":{"start":{"line":30,"column":4},"end":{"line":34,"column":5}},"type":"if","locations":[{"start":{"line":30,"column":4},"end":{"line":34,"column":5}},{"start":{"line":30,"column":4},"end":{"line":34,"column":5}}],"line":30},"1":{"loc":{"start":{"line":30,"column":8},"end":{"line":30,"column":49}},"type":"binary-expr","locations":[{"start":{"line":30,"column":8},"end":{"line":30,"column":13}},{"start":{"line":30,"column":17},"end":{"line":30,"column":49}}],"line":30},"2":{"loc":{"start":{"line":44,"column":9},"end":{"line":44,"column":74}},"type":"binary-expr","locations":[{"start":{"line":44,"column":9},"end":{"line":44,"column":28}},{"start":{"line":44,"column":32},"end":{"line":44,"column":51}},{"start":{"line":44,"column":55},"end":{"line":44,"column":74}}],"line":44}},"s":{"0":9,"1":4,"2":2,"3":2,"4":23,"5":0,"6":2,"7":1,"8":1,"9":45,"10":0},"f":{"0":4,"1":2,"2":23,"3":45,"4":0},"b":{"0":[1,1],"1":[2,1],"2":[0,0,0]},"_coverageSchema":"332fd63041d2c1bcb487cc26dd0d5f7d97098a6c","hash":"8699d41e8b2c461fcd560a2872f44f4909ca7a6a"}
,"D:\\testing\\testing-workshop\\server\\src\\utils\\db.js": {"path":"D:\\testing\\testing-workshop\\server\\src\\utils\\db.js","statementMap":{"0":{"start":{"line":3,"column":11},"end":{"line":18,"column":1}},"1":{"start":{"line":21,"column":18},"end":{"line":24,"column":3}},"2":{"start":{"line":25,"column":2},"end":{"line":25,"column":24}},"3":{"start":{"line":26,"column":2},"end":{"line":26,"column":16}},"4":{"start":{"line":30,"column":2},"end":{"line":30,"column":57}},"5":{"start":{"line":34,"column":2},"end":{"line":34,"column":46}},"6":{"start":{"line":34,"column":30},"end":{"line":34,"column":41}},"7":{"start":{"line":38,"column":15},"end":{"line":38,"column":32}},"8":{"start":{"line":41,"column":29},"end":{"line":41,"column":61}},"9":{"start":{"line":42,"column":2},"end":{"line":42,"column":55}},"10":{"start":{"line":43,"column":2},"end":{"line":43,"column":27}},"11":{"start":{"line":47,"column":15},"end":{"line":47,"column":32}},"12":{"start":{"line":48,"column":2},"end":{"line":48,"column":46}},"13":{"start":{"line":48,"column":34},"end":{"line":48,"column":45}},"14":{"start":{"line":49,"column":2},"end":{"line":49,"column":13}},"15":{"start":{"line":53,"column":18},"end":{"line":56,"column":3}},"16":{"start":{"line":57,"column":2},"end":{"line":57,"column":24}},"17":{"start":{"line":58,"column":2},"end":{"line":58,"column":16}},"18":{"start":{"line":62,"column":2},"end":{"line":62,"column":57}},"19":{"start":{"line":66,"column":2},"end":{"line":66,"column":46}},"20":{"start":{"line":66,"column":30},"end":{"line":66,"column":41}},"21":{"start":{"line":70,"column":15},"end":{"line":70,"column":32}},"22":{"start":{"line":73,"column":29},"end":{"line":73,"column":61}},"23":{"start":{"line":74,"column":2},"end":{"line":74,"column":55}},"24":{"start":{"line":75,"column":2},"end":{"line":75,"column":27}},"25":{"start":{"line":79,"column":15},"end":{"line":79,"column":32}},"26":{"start":{"line":80,"column":2},"end":{"line":80,"column":46}},"27":{"start":{"line":80,"column":34},"end":{"line":80,"column":45}},"28":{"start":{"line":81,"column":2},"end":{"line":81,"column":13}}},"fnMap":{"0":{"name":"insertUser","decl":{"start":{"line":20,"column":15},"end":{"line":20,"column":25}},"loc":{"start":{"line":20,"column":32},"end":{"line":27,"column":1}},"line":20},"1":{"name":"getUsers","decl":{"start":{"line":29,"column":15},"end":{"line":29,"column":23}},"loc":{"start":{"line":29,"column":32},"end":{"line":31,"column":1}},"line":29},"2":{"name":"getUser","decl":{"start":{"line":33,"column":15},"end":{"line":33,"column":22}},"loc":{"start":{"line":33,"column":27},"end":{"line":35,"column":1}},"line":33},"3":{"name":"(anonymous_3)","decl":{"start":{"line":34,"column":25},"end":{"line":34,"column":26}},"loc":{"start":{"line":34,"column":30},"end":{"line":34,"column":41}},"line":34},"4":{"name":"updateUser","decl":{"start":{"line":37,"column":15},"end":{"line":37,"column":25}},"loc":{"start":{"line":37,"column":39},"end":{"line":44,"column":1}},"line":37},"5":{"name":"deleteUser","decl":{"start":{"line":46,"column":15},"end":{"line":46,"column":25}},"loc":{"start":{"line":46,"column":30},"end":{"line":50,"column":1}},"line":46},"6":{"name":"(anonymous_6)","decl":{"start":{"line":48,"column":29},"end":{"line":48,"column":30}},"loc":{"start":{"line":48,"column":34},"end":{"line":48,"column":45}},"line":48},"7":{"name":"insertPost","decl":{"start":{"line":52,"column":15},"end":{"line":52,"column":25}},"loc":{"start":{"line":52,"column":32},"end":{"line":59,"column":1}},"line":52},"8":{"name":"getPosts","decl":{"start":{"line":61,"column":15},"end":{"line":61,"column":23}},"loc":{"start":{"line":61,"column":32},"end":{"line":63,"column":1}},"line":61},"9":{"name":"getPost","decl":{"start":{"line":65,"column":15},"end":{"line":65,"column":22}},"loc":{"start":{"line":65,"column":27},"end":{"line":67,"column":1}},"line":65},"10":{"name":"(anonymous_10)","decl":{"start":{"line":66,"column":25},"end":{"line":66,"column":26}},"loc":{"start":{"line":66,"column":30},"end":{"line":66,"column":41}},"line":66},"11":{"name":"updatePost","decl":{"start":{"line":69,"column":15},"end":{"line":69,"column":25}},"loc":{"start":{"line":69,"column":39},"end":{"line":76,"column":1}},"line":69},"12":{"name":"deletePost","decl":{"start":{"line":78,"column":15},"end":{"line":78,"column":25}},"loc":{"start":{"line":78,"column":30},"end":{"line":82,"column":1}},"line":78},"13":{"name":"(anonymous_13)","decl":{"start":{"line":80,"column":29},"end":{"line":80,"column":30}},"loc":{"start":{"line":80,"column":34},"end":{"line":80,"column":45}},"line":80}},"branchMap":{"0":{"loc":{"start":{"line":30,"column":9},"end":{"line":30,"column":57}},"type":"cond-expr","locations":[{"start":{"line":30,"column":18},"end":{"line":30,"column":41}},{"start":{"line":30,"column":44},"end":{"line":30,"column":57}}],"line":30},"1":{"loc":{"start":{"line":62,"column":9},"end":{"line":62,"column":57}},"type":"cond-expr","locations":[{"start":{"line":62,"column":18},"end":{"line":62,"column":41}},{"start":{"line":62,"column":44},"end":{"line":62,"column":57}}],"line":62}},"s":{"0":13,"1":16,"2":16,"3":16,"4":52,"5":36,"6":365,"7":5,"8":5,"9":5,"10":5,"11":7,"12":7,"13":56,"14":7,"15":7,"16":7,"17":7,"18":31,"19":27,"20":287,"21":3,"22":3,"23":3,"24":3,"25":3,"26":3,"27":32,"28":3},"f":{"0":16,"1":52,"2":36,"3":365,"4":5,"5":7,"6":56,"7":7,"8":31,"9":27,"10":287,"11":3,"12":3,"13":32},"b":{"0":[48,4],"1":[28,3]},"_coverageSchema":"332fd63041d2c1bcb487cc26dd0d5f7d97098a6c","hash":"216aa3f67ef97802144d622406501c1c4161daa5"}
,"D:\\testing\\testing-workshop\\server\\src\\utils\\gist.js": {"path":"D:\\testing\\testing-workshop\\server\\src\\utils\\gist.js","statementMap":{"0":{"start":{"line":4,"column":19},"end":{"line":4,"column":73}},"1":{"start":{"line":5,"column":2},"end":{"line":5,"column":22}}},"fnMap":{"0":{"name":"createGist","decl":{"start":{"line":3,"column":15},"end":{"line":3,"column":25}},"loc":{"start":{"line":3,"column":32},"end":{"line":6,"column":1}},"line":3}},"branchMap":{},"s":{"0":1,"1":1},"f":{"0":1},"b":{},"_coverageSchema":"332fd63041d2c1bcb487cc26dd0d5f7d97098a6c","hash":"20e13cdb8db9bb3c7eeee95432efd69f9fe5748e"}
,"D:\\testing\\testing-workshop\\server\\src\\utils\\myjson.js": {"path":"D:\\testing\\testing-workshop\\server\\src\\utils\\myjson.js","statementMap":{"0":{"start":{"line":4,"column":19},"end":{"line":4,"column":72}},"1":{"start":{"line":5,"column":2},"end":{"line":5,"column":22}}},"fnMap":{"0":{"name":"createJSON","decl":{"start":{"line":3,"column":15},"end":{"line":3,"column":25}},"loc":{"start":{"line":3,"column":32},"end":{"line":6,"column":1}},"line":3}},"branchMap":{},"s":{"0":1,"1":1},"f":{"0":1},"b":{},"_coverageSchema":"332fd63041d2c1bcb487cc26dd0d5f7d97098a6c","hash":"f511f0b4e53eb1cbe6d3ac3134a41822e3499726"}
}
