TN:
SF:D:\testing\testing-workshop\client\src\app.js
FN:120,(anonymous_1)
FN:131,App
FN:134,(anonymous_3)
FN:192,(anonymous_4)
FN:198,(anonymous_5)
FN:204,(anonymous_6)
FNF:6
FNH:0
FNDA:0,(anonymous_1)
FNDA:0,App
FNDA:0,(anonymous_3)
FNDA:0,(anonymous_4)
FNDA:0,(anonymous_5)
FNDA:0,(anonymous_6)
DA:1,0
DA:2,0
DA:3,0
DA:4,0
DA:5,0
DA:6,0
DA:7,0
DA:8,0
DA:9,0
DA:10,0
DA:12,0
DA:19,0
DA:38,0
DA:45,0
DA:49,0
DA:56,0
DA:70,0
DA:81,0
DA:95,0
DA:114,0
DA:120,0
DA:121,0
DA:132,0
DA:135,0
DA:192,0
DA:199,0
DA:205,0
LF:27
LH:0
BRDA:136,0,0,0
BRDA:136,0,1,0
BRDA:141,1,0,0
BRDA:141,1,1,0
BRDA:163,2,0,0
BRDA:163,2,1,0
BRDA:190,3,0,0
BRDA:190,3,1,0
BRDA:199,4,0,0
BRDA:199,4,1,0
BRDA:205,5,0,0
BRDA:205,5,1,0
BRF:12
BRH:0
end_of_record
TN:
SF:D:\testing\testing-workshop\client\src\index.js
FNF:0
FNH:0
DA:1,0
DA:2,0
DA:3,0
DA:4,0
DA:6,0
DA:8,0
DA:9,0
DA:11,0
DA:14,0
LF:9
LH:0
BRDA:8,0,0,0
BRDA:8,0,1,0
BRF:2
BRH:0
end_of_record
TN:
SF:D:\testing\testing-workshop\client\src\components\form.js
FN:5,(anonymous_2)
FN:36,Form
FNF:2
FNH:0
FNDA:0,(anonymous_2)
FNDA:0,Form
DA:1,0
DA:2,0
DA:3,0
DA:5,0
DA:7,0
DA:8,0
DA:10,0
DA:25,0
DA:36,0
DA:37,0
LF:10
LH:0
BRF:0
BRH:0
end_of_record
TN:
SF:D:\testing\testing-workshop\client\src\components\inputs.js
FNF:0
FNH:0
DA:1,0
DA:3,0
DA:21,0
DA:41,0
LF:4
LH:0
BRF:0
BRH:0
end_of_record
TN:
SF:D:\testing\testing-workshop\client\src\components\loading.js
FN:37,Loading
FNF:1
FNH:0
FNDA:0,Loading
DA:1,0
DA:2,0
DA:4,0
DA:15,0
DA:19,0
DA:38,0
LF:6
LH:0
BRF:0
BRH:0
end_of_record
TN:
SF:D:\testing\testing-workshop\client\src\components\login.js
FN:5,Login
FN:9,(anonymous_2)
FNF:2
FNH:0
FNDA:0,Login
FNDA:0,(anonymous_2)
DA:1,0
DA:2,0
DA:3,0
DA:6,0
DA:9,0
DA:10,0
DA:11,0
DA:12,0
LF:8
LH:0
BRF:0
BRH:0
end_of_record
TN:
SF:D:\testing\testing-workshop\client\src\components\user.js
FN:4,(anonymous_2)
FN:7,(anonymous_3)
FN:12,(anonymous_4)
FN:17,(anonymous_5)
FN:18,(anonymous_6)
FN:48,(anonymous_7)
FN:26,(anonymous_10)
FN:27,(anonymous_11)
FN:35,(anonymous_13)
FN:36,(anonymous_14)
FN:44,(anonymous_16)
FN:45,(anonymous_17)
FNF:12
FNH:0
FNDA:0,(anonymous_2)
FNDA:0,(anonymous_3)
FNDA:0,(anonymous_4)
FNDA:0,(anonymous_5)
FNDA:0,(anonymous_6)
FNDA:0,(anonymous_7)
FNDA:0,(anonymous_10)
FNDA:0,(anonymous_11)
FNDA:0,(anonymous_13)
FNDA:0,(anonymous_14)
FNDA:0,(anonymous_16)
FNDA:0,(anonymous_17)
DA:1,0
DA:2,0
DA:4,0
DA:8,0
DA:9,0
DA:10,0
DA:13,0
DA:14,0
DA:17,0
DA:18,0
DA:22,0
DA:23,0
DA:26,0
DA:27,0
DA:31,0
DA:32,0
DA:35,0
DA:36,0
DA:40,0
DA:41,0
DA:44,0
DA:45,0
DA:49,0
LF:23
LH:0
BRF:0
BRH:0
end_of_record
TN:
SF:D:\testing\testing-workshop\client\src\screens\editor.js
FN:6,(anonymous_2)
FN:10,(anonymous_3)
FN:16,(anonymous_4)
FN:20,(anonymous_5)
FN:24,(anonymous_6)
FNF:5
FNH:0
FNDA:0,(anonymous_2)
FNDA:0,(anonymous_3)
FNDA:0,(anonymous_4)
FNDA:0,(anonymous_5)
FNDA:0,(anonymous_6)
DA:1,0
DA:2,0
DA:3,0
DA:4,0
DA:6,0
DA:10,0
DA:11,0
DA:12,0
DA:13,0
DA:16,0
DA:20,0
DA:21,0
DA:25,0
LF:13
LH:0
BRF:0
BRH:0
end_of_record
TN:
SF:D:\testing\testing-workshop\client\src\screens\editor.todo.js
FN:6,(anonymous_2)
FN:7,(anonymous_3)
FN:13,(anonymous_4)
FN:17,(anonymous_5)
FN:21,(anonymous_6)
FNF:5
FNH:0
FNDA:0,(anonymous_2)
FNDA:0,(anonymous_3)
FNDA:0,(anonymous_4)
FNDA:0,(anonymous_5)
FNDA:0,(anonymous_6)
DA:1,0
DA:2,0
DA:3,0
DA:4,0
DA:6,0
DA:7,0
DA:8,0
DA:9,0
DA:10,0
DA:13,0
DA:17,0
DA:18,0
DA:22,0
LF:13
LH:0
BRF:0
BRH:0
end_of_record
TN:
SF:D:\testing\testing-workshop\client\src\screens\home.js
FN:6,(anonymous_2)
FN:10,(anonymous_3)
FN:17,(anonymous_4)
FN:23,(anonymous_5)
FN:35,(anonymous_6)
FN:31,(anonymous_9)
FN:32,(anonymous_10)
FN:43,Home
FN:47,(anonymous_12)
FN:48,(anonymous_13)
FN:64,Timeline
FN:69,(anonymous_15)
FN:73,(anonymous_16)
FN:80,sortByLatest
FN:112,Post
FN:120,(anonymous_19)
FNF:16
FNH:0
FNDA:0,(anonymous_2)
FNDA:0,(anonymous_3)
FNDA:0,(anonymous_4)
FNDA:0,(anonymous_5)
FNDA:0,(anonymous_6)
FNDA:0,(anonymous_9)
FNDA:0,(anonymous_10)
FNDA:0,Home
FNDA:0,(anonymous_12)
FNDA:0,(anonymous_13)
FNDA:0,Timeline
FNDA:0,(anonymous_15)
FNDA:0,(anonymous_16)
FNDA:0,sortByLatest
FNDA:0,Post
FNDA:0,(anonymous_19)
DA:1,0
DA:2,0
DA:3,0
DA:4,0
DA:6,0
DA:11,0
DA:12,0
DA:13,0
DA:15,0
DA:18,0
DA:19,0
DA:20,0
DA:24,0
DA:27,0
DA:28,0
DA:31,0
DA:32,0
DA:36,0
DA:44,0
DA:47,0
DA:49,0
DA:65,0
DA:70,0
DA:73,0
DA:81,0
DA:84,0
DA:92,0
DA:96,0
DA:105,0
DA:113,0
DA:121,0
LF:31
LH:0
BRDA:12,0,0,0
BRDA:12,0,1,0
BRDA:19,1,0,0
BRDA:19,1,1,0
BRDA:50,2,0,0
BRDA:50,2,1,0
BRDA:52,3,0,0
BRDA:52,3,1,0
BRDA:54,4,0,0
BRDA:54,4,1,0
BRDA:64,5,0,0
BRDA:64,6,0,0
BRDA:81,7,0,0
BRDA:81,7,1,0
BRDA:112,8,0,0
BRF:15
BRH:0
end_of_record
TN:
SF:D:\testing\testing-workshop\client\src\utils\api.js
FN:6,(anonymous_1)
FN:9,(anonymous_2)
FN:10,(anonymous_3)
FN:11,(anonymous_4)
FN:12,(anonymous_5)
FN:20,(anonymous_6)
FN:28,(anonymous_7)
FN:32,(anonymous_8)
FN:33,(anonymous_9)
FN:37,(anonymous_10)
FN:38,(anonymous_11)
FN:45,(anonymous_12)
FN:46,(anonymous_13)
FN:47,(anonymous_14)
FN:48,(anonymous_15)
FN:52,(anonymous_16)
FN:53,(anonymous_17)
FN:54,(anonymous_18)
FN:55,(anonymous_19)
FN:58,logout
FN:63,login
FN:68,init
FNF:22
FNH:0
FNDA:0,(anonymous_1)
FNDA:0,(anonymous_2)
FNDA:0,(anonymous_3)
FNDA:0,(anonymous_4)
FNDA:0,(anonymous_5)
FNDA:0,(anonymous_6)
FNDA:0,(anonymous_7)
FNDA:0,(anonymous_8)
FNDA:0,(anonymous_9)
FNDA:0,(anonymous_10)
FNDA:0,(anonymous_11)
FNDA:0,(anonymous_12)
FNDA:0,(anonymous_13)
FNDA:0,(anonymous_14)
FNDA:0,(anonymous_15)
FNDA:0,(anonymous_16)
FNDA:0,(anonymous_17)
FNDA:0,(anonymous_18)
FNDA:0,(anonymous_19)
FNDA:0,logout
FNDA:0,login
FNDA:0,init
DA:1,0
DA:4,0
DA:6,0
DA:8,0
DA:9,0
DA:10,0
DA:11,0
DA:12,0
DA:15,0
DA:17,0
DA:18,0
DA:20,0
DA:21,0
DA:22,0
DA:23,0
DA:25,0
DA:29,0
DA:30,0
DA:33,0
DA:34,0
DA:35,0
DA:38,0
DA:39,0
DA:40,0
DA:44,0
DA:45,0
DA:46,0
DA:47,0
DA:48,0
DA:51,0
DA:52,0
DA:53,0
DA:54,0
DA:55,0
DA:59,0
DA:60,0
DA:64,0
DA:65,0
DA:73,0
DA:74,0
LF:40
LH:0
BRDA:17,0,0,0
BRDA:17,0,1,0
BRDA:21,1,0,0
BRDA:21,1,1,0
BRDA:46,2,0,0
BRDA:46,2,1,0
BRDA:53,3,0,0
BRDA:53,3,1,0
BRDA:72,4,0,0
BRDA:69,5,0,0
BRDA:70,6,0,0
BRDA:70,7,0,0
BRDA:70,7,1,0
BRDA:70,7,2,0
BRDA:71,8,0,0
BRDA:78,9,0,0
BRDA:78,9,1,0
BRF:17
BRH:0
end_of_record
TN:
SF:D:\testing\testing-workshop\other\configuration\calculator.solution\src\auto-scaling-text.js
FN:35,ref
FNF:1
FNH:0
FNDA:0,ref
DA:1,0
DA:2,0
DA:10,0
DA:12,0
DA:13,0
DA:15,0
DA:16,0
DA:17,0
DA:19,0
DA:21,0
DA:22,0
DA:23,0
DA:24,0
DA:28,0
DA:29,0
DA:31,0
DA:35,0
LF:17
LH:0
BRDA:19,0,0,0
BRDA:19,0,1,0
BRDA:21,1,0,0
BRDA:21,1,1,0
BRDA:23,2,0,0
BRDA:23,2,1,0
BRF:6
BRH:0
end_of_record
TN:
SF:D:\testing\testing-workshop\other\configuration\calculator.solution\src\calculator-display.js
FNF:0
FNH:0
DA:1,0
DA:2,0
DA:3,0
DA:4,0
DA:7,0
DA:8,0
DA:9,0
DA:11,0
LF:8
LH:0
BRF:0
BRH:0
end_of_record
TN:
SF:D:\testing\testing-workshop\other\configuration\calculator.solution\src\calculator.js
FN:10,loader
FN:10,(anonymous_11)
FN:10,(anonymous_12)
FN:11,loading
FN:27,_
FN:28,_
FN:29,_
FN:30,_
FN:31,_
FN:202,onPress
FN:210,onPress
FN:216,onPress
FN:224,onPress
FN:230,onPress
FN:236,onPress
FN:242,onPress
FN:248,onPress
FN:254,onPress
FN:260,onPress
FN:266,onPress
FN:272,onPress
FN:278,onPress
FN:284,onPress
FN:293,onPress
FN:299,onPress
FN:305,onPress
FN:311,onPress
FN:317,onPress
FNF:28
FNH:0
FNDA:0,loader
FNDA:0,(anonymous_11)
FNDA:0,(anonymous_12)
FNDA:0,loading
FNDA:0,_
FNDA:0,_
FNDA:0,_
FNDA:0,_
FNDA:0,_
FNDA:0,onPress
FNDA:0,onPress
FNDA:0,onPress
FNDA:0,onPress
FNDA:0,onPress
FNDA:0,onPress
FNDA:0,onPress
FNDA:0,onPress
FNDA:0,onPress
FNDA:0,onPress
FNDA:0,onPress
FNDA:0,onPress
FNDA:0,onPress
FNDA:0,onPress
FNDA:0,onPress
FNDA:0,onPress
FNDA:0,onPress
FNDA:0,onPress
FNDA:0,onPress
DA:1,0
DA:2,0
DA:3,0
DA:4,0
DA:9,0
DA:10,0
DA:11,0
DA:15,0
DA:16,0
DA:18,0
DA:26,0
DA:27,0
DA:28,0
DA:29,0
DA:30,0
DA:31,0
DA:43,0
DA:52,0
DA:58,0
DA:60,0
DA:66,0
DA:67,0
DA:69,0
DA:75,0
DA:76,0
DA:78,0
DA:80,0
DA:81,0
DA:83,0
DA:89,0
DA:91,0
DA:92,0
DA:99,0
DA:100,0
DA:102,0
DA:103,0
DA:108,0
DA:115,0
DA:116,0
DA:117,0
DA:119,0
DA:120,0
DA:123,0
DA:124,0
DA:125,0
DA:127,0
DA:133,0
DA:140,0
DA:142,0
DA:144,0
DA:145,0
DA:146,0
DA:147,0
DA:148,0
DA:149,0
DA:150,0
DA:151,0
DA:152,0
DA:153,0
DA:154,0
DA:155,0
DA:156,0
DA:157,0
DA:158,0
DA:159,0
DA:160,0
DA:162,0
DA:163,0
DA:165,0
DA:171,0
DA:172,0
DA:175,0
DA:176,0
DA:181,0
DA:185,0
DA:188,0
DA:189,0
DA:191,0
DA:192,0
DA:194,0
DA:202,0
DA:210,0
DA:216,0
DA:224,0
DA:230,0
DA:236,0
DA:242,0
DA:248,0
DA:254,0
DA:260,0
DA:266,0
DA:272,0
DA:278,0
DA:284,0
DA:293,0
DA:299,0
DA:305,0
DA:311,0
DA:317,0
LF:99
LH:0
BRDA:16,0,0,0
BRDA:16,0,1,0
BRDA:142,1,0,0
BRDA:142,1,1,0
BRDA:144,2,0,0
BRDA:144,2,1,0
BRDA:147,3,0,0
BRDA:147,3,1,0
BRDA:150,4,0,0
BRDA:150,4,1,0
BRDA:153,5,0,0
BRDA:153,5,1,0
BRDA:156,6,0,0
BRDA:156,6,1,0
BRDA:159,7,0,0
BRDA:159,7,1,0
BRDA:162,8,0,0
BRDA:162,8,1,0
BRDA:61,9,0,0
BRDA:61,9,1,0
BRDA:78,10,0,0
BRDA:78,10,1,0
BRDA:91,11,0,0
BRDA:91,11,1,0
BRDA:102,12,0,0
BRDA:102,12,1,0
BRDA:110,13,0,0
BRDA:110,13,1,0
BRDA:119,14,0,0
BRDA:119,14,1,0
BRDA:123,15,0,0
BRDA:123,15,1,0
BRDA:124,16,0,0
BRDA:124,16,1,0
BRDA:175,17,0,0
BRDA:175,17,1,0
BRDA:192,18,0,0
BRDA:192,18,1,0
BRDA:203,19,0,0
BRDA:203,19,1,0
BRF:40
BRH:0
end_of_record
TN:
SF:D:\testing\testing-workshop\other\configuration\calculator.solution\src\index.js
FNF:0
FNH:0
DA:1,0
DA:2,0
DA:3,0
DA:4,0
DA:6,0
LF:5
LH:0
BRF:0
BRH:0
end_of_record
TN:
SF:D:\testing\testing-workshop\other\configuration\calculator.solution\src\utils.js
FN:1,getFormattedValue
FNF:1
FNH:0
FNDA:0,getFormattedValue
DA:1,0
DA:2,0
DA:8,0
DA:10,0
DA:11,0
DA:13,0
LF:6
LH:0
BRDA:1,0,0,0
BRDA:1,0,1,0
BRDA:1,1,0,0
BRDA:1,1,1,0
BRDA:10,2,0,0
BRDA:10,2,1,0
BRDA:11,3,0,0
BRDA:11,3,1,0
BRF:8
BRH:0
end_of_record
TN:
SF:D:\testing\testing-workshop\server\src\index.js
FNF:0
FNH:0
DA:1,0
DA:2,0
DA:4,0
DA:5,0
DA:6,0
DA:8,0
DA:10,0
LF:7
LH:0
BRDA:6,0,0,0
BRDA:6,0,1,0
BRDA:6,1,0,0
BRDA:6,1,1,0
BRDA:10,2,0,0
BRDA:10,2,1,0
BRF:6
BRH:0
end_of_record
TN:
SF:D:\testing\testing-workshop\server\src\start.js
FN:11,startServer
FN:21,(anonymous_1)
FN:22,(anonymous_2)
FN:25,(anonymous_3)
FN:26,(anonymous_4)
FNF:5
FNH:5
FNDA:4,startServer
FNDA:4,(anonymous_1)
FNDA:4,(anonymous_2)
FNDA:4,(anonymous_3)
FNDA:4,(anonymous_4)
DA:12,4
DA:13,4
DA:14,4
DA:15,4
DA:16,4
DA:17,4
DA:19,4
DA:21,4
DA:22,4
DA:23,4
DA:24,4
DA:25,4
DA:26,4
DA:27,4
DA:30,4
LF:15
LH:15
BRDA:11,0,0,0
BRDA:11,1,0,0
BRDA:12,2,0,4
BRDA:12,2,1,0
BRF:4
BRH:1
end_of_record
TN:
SF:D:\testing\testing-workshop\server\src\controllers\auth.js
FN:5,(anonymous_0)
FN:10,register
FN:19,(anonymous_2)
FN:30,login
FN:47,authenticate
FN:48,(anonymous_5)
FN:49,(anonymous_6)
FN:59,me
FNF:8
FNH:8
FNDA:7,(anonymous_0)
FNDA:9,register
FNDA:34,(anonymous_2)
FNDA:9,login
FNDA:5,authenticate
FNDA:5,(anonymous_5)
FNDA:5,(anonymous_6)
FNDA:3,me
DA:5,7
DA:11,9
DA:12,9
DA:13,2
DA:16,7
DA:17,2
DA:19,34
DA:20,5
DA:21,2
DA:23,3
DA:27,3
DA:31,9
DA:32,2
DA:35,7
DA:36,2
DA:38,5
DA:40,4
DA:41,2
DA:43,2
DA:48,5
DA:49,5
DA:50,5
DA:51,1
DA:53,4
DA:60,3
DA:61,2
DA:63,1
LF:27
LH:27
BRDA:12,0,0,2
BRDA:12,0,1,7
BRDA:16,1,0,2
BRDA:16,1,1,5
BRDA:20,2,0,2
BRDA:20,2,1,3
BRDA:31,3,0,2
BRDA:31,3,1,7
BRDA:35,4,0,2
BRDA:35,4,1,5
BRDA:40,5,0,2
BRDA:40,5,1,2
BRDA:50,6,0,1
BRDA:50,6,1,4
BRDA:60,7,0,2
BRDA:60,7,1,1
BRF:16
BRH:16
end_of_record
TN:
SF:D:\testing\testing-workshop\server\src\controllers\auth.todo.js
FN:5,(anonymous_0)
FN:10,register
FN:19,(anonymous_2)
FN:30,login
FN:47,authenticate
FN:48,(anonymous_5)
FN:49,(anonymous_6)
FN:59,me
FNF:8
FNH:8
FNDA:2,(anonymous_0)
FNDA:4,register
FNDA:2,(anonymous_2)
FNDA:5,login
FNDA:3,authenticate
FNDA:3,(anonymous_5)
FNDA:3,(anonymous_6)
FNDA:1,me
DA:5,2
DA:11,4
DA:12,4
DA:13,1
DA:16,3
DA:17,1
DA:19,2
DA:20,2
DA:21,1
DA:23,1
DA:27,1
DA:31,5
DA:32,1
DA:35,4
DA:36,1
DA:38,3
DA:40,2
DA:41,1
DA:43,1
DA:48,3
DA:49,3
DA:50,3
DA:51,1
DA:53,2
DA:60,1
DA:64,0
DA:66,1
LF:27
LH:26
BRDA:12,0,0,1
BRDA:12,0,1,3
BRDA:16,1,0,1
BRDA:16,1,1,2
BRDA:20,2,0,1
BRDA:20,2,1,1
BRDA:31,3,0,1
BRDA:31,3,1,4
BRDA:35,4,0,1
BRDA:35,4,1,3
BRDA:40,5,0,1
BRDA:40,5,1,1
BRDA:50,6,0,1
BRDA:50,6,1,2
BRDA:60,7,0,0
BRDA:60,7,1,1
BRF:16
BRH:15
end_of_record
TN:
SF:D:\testing\testing-workshop\server\src\controllers\posts.js
FN:3,authorize
FN:12,getPosts
FN:21,getPost
FN:30,createPost
FN:39,updatePost
FN:56,deletePost
FNF:6
FNH:6
FNDA:2,authorize
FNDA:2,getPosts
FNDA:3,getPost
FNDA:1,createPost
FNDA:2,updatePost
FNDA:4,deletePost
DA:4,2
DA:5,2
DA:6,2
DA:8,0
DA:13,2
DA:14,2
DA:15,2
DA:17,0
DA:22,3
DA:23,3
DA:24,2
DA:26,1
DA:31,1
DA:32,1
DA:33,1
DA:35,0
DA:40,2
DA:41,2
DA:42,0
DA:44,2
DA:45,0
DA:47,2
DA:48,2
DA:49,2
DA:52,0
DA:57,4
DA:58,4
DA:59,1
DA:61,3
DA:62,1
DA:64,2
DA:65,2
LF:32
LH:26
BRDA:5,0,0,2
BRDA:5,0,1,0
BRDA:14,1,0,2
BRDA:14,1,1,0
BRDA:23,2,0,2
BRDA:23,2,1,1
BRDA:32,3,0,1
BRDA:32,3,1,0
BRDA:41,4,0,0
BRDA:41,4,1,2
BRDA:44,5,0,0
BRDA:44,5,1,2
BRDA:44,6,0,2
BRDA:44,6,1,2
BRDA:48,7,0,2
BRDA:48,7,1,0
BRDA:58,8,0,1
BRDA:58,8,1,3
BRDA:61,9,0,1
BRDA:61,9,1,2
BRDA:61,10,0,3
BRDA:61,10,1,2
BRF:22
BRH:16
end_of_record
TN:
SF:D:\testing\testing-workshop\server\src\controllers\posts.todo.js
FN:3,authorize
FN:12,getPosts
FN:21,getPost
FN:30,createPost
FN:39,updatePost
FNF:5
FNH:0
FNDA:0,authorize
FNDA:0,getPosts
FNDA:0,getPost
FNDA:0,createPost
FNDA:0,updatePost
DA:1,0
DA:4,0
DA:5,0
DA:6,0
DA:8,0
DA:13,0
DA:14,0
DA:15,0
DA:17,0
DA:22,0
DA:23,0
DA:24,0
DA:26,0
DA:31,0
DA:32,0
DA:33,0
DA:35,0
DA:40,0
DA:41,0
DA:42,0
DA:44,0
DA:45,0
DA:47,0
DA:48,0
DA:49,0
DA:52,0
LF:26
LH:0
BRDA:5,0,0,0
BRDA:5,0,1,0
BRDA:14,1,0,0
BRDA:14,1,1,0
BRDA:23,2,0,0
BRDA:23,2,1,0
BRDA:32,3,0,0
BRDA:32,3,1,0
BRDA:41,4,0,0
BRDA:41,4,1,0
BRDA:44,5,0,0
BRDA:44,5,1,0
BRDA:44,6,0,0
BRDA:44,6,1,0
BRDA:48,7,0,0
BRDA:48,7,1,0
BRF:16
BRH:0
end_of_record
TN:
SF:D:\testing\testing-workshop\server\src\controllers\users.bug.todo.js
FN:4,authorize
FN:12,getUsers
FN:24,getUser
FN:41,updateUser
FN:53,deleteUser
FNF:5
FNH:3
FNDA:0,authorize
FNDA:0,getUsers
FNDA:1,getUser
FNDA:1,updateUser
FNDA:3,deleteUser
DA:5,0
DA:6,0
DA:8,0
DA:13,0
DA:14,0
DA:18,0
DA:20,0
DA:25,1
DA:26,1
DA:27,1
DA:37,0
DA:42,1
DA:43,0
DA:45,1
DA:46,1
DA:47,1
DA:49,0
DA:54,3
DA:55,1
DA:57,2
DA:58,2
DA:59,1
DA:61,1
DA:62,1
LF:24
LH:14
BRDA:5,0,0,0
BRDA:5,0,1,0
BRDA:14,1,0,0
BRDA:14,1,1,0
BRDA:26,2,0,1
BRDA:26,2,1,0
BRDA:31,3,0,0
BRDA:31,3,1,1
BRDA:31,4,0,1
BRDA:31,4,1,0
BRDA:42,5,0,0
BRDA:42,5,1,1
BRDA:42,6,0,1
BRDA:42,6,1,1
BRDA:46,7,0,1
BRDA:46,7,1,0
BRDA:54,8,0,1
BRDA:54,8,1,2
BRDA:54,9,0,3
BRDA:54,9,1,2
BRDA:58,10,0,1
BRDA:58,10,1,1
BRF:22
BRH:13
end_of_record
TN:
SF:D:\testing\testing-workshop\server\src\controllers\users.js
FN:4,authorize
FN:12,getUsers
FN:15,(anonymous_2)
FN:21,getUser
FN:38,updateUser
FN:50,deleteUser
FNF:6
FNH:6
FNDA:4,authorize
FNDA:2,getUsers
FNDA:20,(anonymous_2)
FNDA:7,getUser
FNDA:3,updateUser
FNDA:5,deleteUser
DA:5,4
DA:6,4
DA:8,0
DA:13,2
DA:14,2
DA:15,20
DA:17,0
DA:22,7
DA:23,7
DA:24,5
DA:34,2
DA:39,3
DA:40,0
DA:42,3
DA:43,3
DA:44,3
DA:46,0
DA:51,5
DA:52,1
DA:54,4
DA:55,4
DA:56,1
DA:58,3
DA:59,3
LF:24
LH:20
BRDA:5,0,0,4
BRDA:5,0,1,0
BRDA:14,1,0,2
BRDA:14,1,1,0
BRDA:23,2,0,5
BRDA:23,2,1,2
BRDA:28,3,0,2
BRDA:28,3,1,3
BRDA:28,4,0,5
BRDA:28,4,1,2
BRDA:39,5,0,0
BRDA:39,5,1,3
BRDA:39,6,0,3
BRDA:39,6,1,3
BRDA:43,7,0,3
BRDA:43,7,1,0
BRDA:51,8,0,1
BRDA:51,8,1,4
BRDA:51,9,0,5
BRDA:51,9,1,4
BRDA:55,10,0,1
BRDA:55,10,1,3
BRF:22
BRH:18
end_of_record
TN:
SF:D:\testing\testing-workshop\server\src\controllers\users.todo.js
FN:4,authorize
FN:12,getUsers
FN:15,(anonymous_4)
FN:21,getUser
FN:38,updateUser
FNF:5
FNH:0
FNDA:0,authorize
FNDA:0,getUsers
FNDA:0,(anonymous_4)
FNDA:0,getUser
FNDA:0,updateUser
DA:1,0
DA:2,0
DA:5,0
DA:6,0
DA:8,0
DA:13,0
DA:14,0
DA:15,0
DA:17,0
DA:22,0
DA:23,0
DA:24,0
DA:34,0
DA:39,0
DA:40,0
DA:42,0
DA:43,0
DA:44,0
DA:46,0
LF:19
LH:0
BRDA:5,0,0,0
BRDA:5,0,1,0
BRDA:14,1,0,0
BRDA:14,1,1,0
BRDA:23,2,0,0
BRDA:23,2,1,0
BRDA:29,3,0,0
BRDA:29,3,1,0
BRDA:28,4,0,0
BRDA:28,4,1,0
BRDA:39,5,0,0
BRDA:39,5,1,0
BRDA:39,6,0,0
BRDA:39,6,1,0
BRDA:43,7,0,0
BRDA:43,7,1,0
BRF:16
BRH:0
end_of_record
TN:
SF:D:\testing\testing-workshop\server\src\routes\auth.js
FN:4,setupAuthRoutes
FNF:1
FNH:1
FNDA:4,setupAuthRoutes
DA:5,4
DA:6,4
DA:7,4
LF:3
LH:3
BRF:0
BRH:0
end_of_record
TN:
SF:D:\testing\testing-workshop\server\src\routes\index.js
FN:6,setupRoutes
FNF:1
FNH:1
FNDA:4,setupRoutes
DA:7,4
DA:8,4
DA:9,4
DA:11,4
DA:12,4
DA:13,4
DA:15,4
DA:16,4
DA:17,4
LF:9
LH:9
BRF:0
BRH:0
end_of_record
TN:
SF:D:\testing\testing-workshop\server\src\routes\posts.js
FN:4,setupPostRoutes
FNF:1
FNH:1
FNDA:4,setupPostRoutes
DA:5,4
DA:6,4
DA:7,4
DA:9,4
DA:16,4
LF:5
LH:5
BRF:0
BRH:0
end_of_record
TN:
SF:D:\testing\testing-workshop\server\src\routes\users.js
FN:4,setupUserRoutes
FNF:1
FNH:1
FNDA:4,setupUserRoutes
DA:5,4
DA:7,4
DA:9,4
DA:16,4
LF:4
LH:4
BRF:0
BRH:0
end_of_record
TN:
SF:D:\testing\testing-workshop\server\src\utils\auth.js
FN:22,getLocalStrategy
FN:23,(anonymous_1)
FN:26,(anonymous_2)
FN:39,userToJSON
FN:43,isPasswordAllowed
FNF:5
FNH:4
FNDA:4,getLocalStrategy
FNDA:2,(anonymous_1)
FNDA:23,(anonymous_2)
FNDA:45,userToJSON
FNDA:0,isPasswordAllowed
DA:12,9
DA:23,4
DA:25,2
DA:26,23
DA:28,0
DA:30,2
DA:31,1
DA:35,1
DA:40,45
DA:44,0
LF:10
LH:8
BRDA:30,0,0,1
BRDA:30,0,1,1
BRDA:30,1,0,2
BRDA:30,1,1,1
BRDA:44,2,0,0
BRDA:44,2,1,0
BRDA:44,2,2,0
BRF:7
BRH:4
end_of_record
TN:
SF:D:\testing\testing-workshop\server\src\utils\db.js
FN:20,insertUser
FN:29,getUsers
FN:33,getUser
FN:34,(anonymous_3)
FN:37,updateUser
FN:46,deleteUser
FN:48,(anonymous_6)
FN:52,insertPost
FN:61,getPosts
FN:65,getPost
FN:66,(anonymous_10)
FN:69,updatePost
FN:78,deletePost
FN:80,(anonymous_13)
FNF:14
FNH:14
FNDA:16,insertUser
FNDA:52,getUsers
FNDA:36,getUser
FNDA:365,(anonymous_3)
FNDA:5,updateUser
FNDA:7,deleteUser
FNDA:56,(anonymous_6)
FNDA:7,insertPost
FNDA:31,getPosts
FNDA:27,getPost
FNDA:287,(anonymous_10)
FNDA:3,updatePost
FNDA:3,deletePost
FNDA:32,(anonymous_13)
DA:3,13
DA:21,16
DA:25,16
DA:26,16
DA:30,52
DA:34,365
DA:38,5
DA:41,5
DA:42,5
DA:43,5
DA:47,7
DA:48,56
DA:49,7
DA:53,7
DA:57,7
DA:58,7
DA:62,31
DA:66,287
DA:70,3
DA:73,3
DA:74,3
DA:75,3
DA:79,3
DA:80,32
DA:81,3
LF:25
LH:25
BRDA:30,0,0,48
BRDA:30,0,1,4
BRDA:62,1,0,28
BRDA:62,1,1,3
BRF:4
BRH:4
end_of_record
TN:
SF:D:\testing\testing-workshop\server\src\utils\gist.js
FN:3,createGist
FNF:1
FNH:1
FNDA:1,createGist
DA:4,1
DA:5,1
LF:2
LH:2
BRF:0
BRH:0
end_of_record
TN:
SF:D:\testing\testing-workshop\server\src\utils\myjson.js
FN:3,createJSON
FNF:1
FNH:1
FNDA:1,createJSON
DA:4,1
DA:5,1
LF:2
LH:2
BRF:0
BRH:0
end_of_record
